2023-03-03 11:27:30,921 [INFO] Activator:179 - 


2023-03-03 11:27:30,922 [INFO] Activator:180 - !SESSION log4j initialized
2023-03-03 11:27:36,423 [INFO] McuFinderGlobals:52 - Set McuFinder mode to 2 (CubeIDE integrated)
2023-03-03 11:27:36,594 [INFO] ApplicationProperties:181 - Using Application install path: C:\ST\STM32CubeIDE_1.11.0\STM32CubeIDE\plugins\com.st.stm32cube.common.mx_6.7.0.202211181646
2023-03-03 11:27:36,610 [INFO] DbMcusXml:77 - Set database path to: C:\ST\STM32CubeIDE_1.11.0\STM32CubeIDE\plugins\com.st.stm32cube.common.mx_6.7.0.202211181646\\db\/mcu/
2023-03-03 11:27:36,610 [INFO] ApiDb:273 - Set plugin database path to: C:\ST\STM32CubeIDE_1.11.0\STM32CubeIDE\plugins\com.st.stm32cube.common.mx_6.7.0.202211181646\\db\/plugins/boardmanager/
2023-03-03 11:27:36,614 [WARN] ApiDb:258 - Overriding images path with different value:  => C:\ST\STM32CubeIDE_1.11.0\STM32CubeIDE\plugins\com.st.stm32cube.common.mx_6.7.0.202211181646\\db\/plugins/mcufinder/images/
2023-03-03 11:27:36,628 [INFO] ApiDb:249 - Set database path to: C:\Users\user\.stmcufinder\plugins\mcufinder//mcu/
2023-03-03 11:27:36,630 [INFO] DbMcusAds:124 - Set database path to: C:\Users\user\.stmcufinder\plugins\mcufinder//mcu/
2023-03-03 11:27:36,633 [INFO] CrossReferenceDbSqlite:202 - Set database path to: C:\Users\user\.stmcufinder\plugins\mcufinder//mcu/cs/
2023-03-03 11:27:36,722 [INFO] RulesReader:61 - Compatibility file has been processed (283 Rules)
2023-03-03 11:27:36,801 [INFO] DbMcusXml:77 - Set database path to: C:\ST\STM32CubeIDE_1.11.0\STM32CubeIDE\plugins\com.st.stm32cube.common.mx_6.7.0.202211181646\\db\/mcu/
2023-03-03 11:27:36,801 [INFO] ApiDb:273 - Set plugin database path to: C:\ST\STM32CubeIDE_1.11.0\STM32CubeIDE\plugins\com.st.stm32cube.common.mx_6.7.0.202211181646\\db\/plugins/boardmanager/
2023-03-03 11:27:36,801 [INFO] ApiDb:260 - Set plugin images path to: C:\ST\STM32CubeIDE_1.11.0\STM32CubeIDE\plugins\com.st.stm32cube.common.mx_6.7.0.202211181646\\db\/plugins/mcufinder/images/
2023-03-03 11:27:36,802 [WARN] DbFile:40 - Overriding database path with different value: C:\Users\user\.stmcufinder\plugins\mcufinder/ => C:\Users\user\.stmcufinder\plugins\mcufinder
2023-03-03 11:27:36,802 [INFO] ApiDb:249 - Set database path to: C:\Users\user\.stmcufinder\plugins\mcufinder//mcu/
2023-03-03 11:27:36,802 [WARN] DbFile:40 - Overriding database path with different value: C:\Users\user\.stmcufinder\plugins\mcufinder/ => C:\Users\user\.stmcufinder\plugins\mcufinder
2023-03-03 11:27:36,802 [INFO] DbMcusAds:124 - Set database path to: C:\Users\user\.stmcufinder\plugins\mcufinder//mcu/
2023-03-03 11:27:36,803 [WARN] DbFile:40 - Overriding database path with different value: C:\Users\user\.stmcufinder\plugins\mcufinder/ => C:\Users\user\.stmcufinder\plugins\mcufinder
2023-03-03 11:27:36,803 [WARN] DbFile:40 - Overriding database path with different value: C:\Users\user\.stmcufinder\plugins\mcufinder/ => C:\Users\user\.stmcufinder\plugins\mcufinder
2023-03-03 11:27:36,803 [INFO] CrossReferenceDbSqlite:202 - Set database path to: C:\Users\user\.stmcufinder\plugins\mcufinder//mcu/cs/
2023-03-03 11:27:36,864 [INFO] MainPanel:252 - HeapMemory: 268435456
2023-03-03 11:27:36,926 [INFO] DbMcusXml:77 - Set database path to: C:\ST\STM32CubeIDE_1.11.0\STM32CubeIDE\plugins\com.st.stm32cube.common.mx_6.7.0.202211181646\\db\/mcu/
2023-03-03 11:27:36,927 [INFO] ApiDb:273 - Set plugin database path to: C:\ST\STM32CubeIDE_1.11.0\STM32CubeIDE\plugins\com.st.stm32cube.common.mx_6.7.0.202211181646\\db\/plugins/boardmanager/
2023-03-03 11:27:36,927 [INFO] ApiDb:260 - Set plugin images path to: C:\ST\STM32CubeIDE_1.11.0\STM32CubeIDE\plugins\com.st.stm32cube.common.mx_6.7.0.202211181646\\db\/plugins/mcufinder/images/
2023-03-03 11:27:36,927 [WARN] DbFile:40 - Overriding database path with different value: C:\Users\user\.stmcufinder\plugins\mcufinder/ => C:\Users\user\.stmcufinder\plugins\mcufinder
2023-03-03 11:27:36,927 [INFO] ApiDb:249 - Set database path to: C:\Users\user\.stmcufinder\plugins\mcufinder//mcu/
2023-03-03 11:27:36,928 [WARN] DbFile:40 - Overriding database path with different value: C:\Users\user\.stmcufinder\plugins\mcufinder/ => C:\Users\user\.stmcufinder\plugins\mcufinder
2023-03-03 11:27:36,928 [INFO] DbMcusAds:124 - Set database path to: C:\Users\user\.stmcufinder\plugins\mcufinder//mcu/
2023-03-03 11:27:36,928 [WARN] DbFile:40 - Overriding database path with different value: C:\Users\user\.stmcufinder\plugins\mcufinder/ => C:\Users\user\.stmcufinder\plugins\mcufinder
2023-03-03 11:27:36,928 [WARN] DbFile:40 - Overriding database path with different value: C:\Users\user\.stmcufinder\plugins\mcufinder/ => C:\Users\user\.stmcufinder\plugins\mcufinder
2023-03-03 11:27:36,928 [INFO] CrossReferenceDbSqlite:202 - Set database path to: C:\Users\user\.stmcufinder\plugins\mcufinder//mcu/cs/
2023-03-03 11:27:36,944 [INFO] ApplicationProperties:181 - Using Application install path: C:\ST\STM32CubeIDE_1.11.0\STM32CubeIDE\plugins\com.st.stm32cube.common.mx_6.7.0.202211181646
2023-03-03 11:27:36,945 [INFO] PluginManage:193 - Search for loadable plugins [exclusion list=, ]
2023-03-03 11:27:36,946 [INFO] PluginManage:307 - Check plugin analytics
2023-03-03 11:27:37,084 [INFO] AnalyticsPlugin:262 - Accepted Software Licenses: 
2023-03-03 11:27:37,085 [INFO] AnalyticsPlugin:264 - Accepted CMSIS Pack Licenses: 
2023-03-03 11:27:37,086 [INFO] AnalyticsPlugin:266 - Accepted Firmware Licenses: FW.F4.1.27.0
2023-03-03 11:27:37,097 [INFO] PluginManage:356 - Loaded plugin analytics (category:tool,tabindex:-1)
2023-03-03 11:27:37,098 [INFO] PluginManage:307 - Check plugin cadmodel
2023-03-03 11:27:37,103 [INFO] CADModel:104 - Init CAD model plugin
2023-03-03 11:27:37,103 [INFO] PluginManage:356 - Loaded plugin cadmodel (category:power,tabindex:5)
2023-03-03 11:27:37,103 [INFO] PluginManage:307 - Check plugin clock
2023-03-03 11:27:37,114 [INFO] PluginManage:356 - Loaded plugin clock (category:base,tabindex:2)
2023-03-03 11:27:37,114 [INFO] PluginManage:307 - Check plugin ddr
2023-03-03 11:27:37,116 [INFO] PluginManage:356 - Loaded plugin ddr (category:tool,tabindex:6)
2023-03-03 11:27:37,116 [INFO] PluginManage:307 - Check plugin filemanager
2023-03-03 11:27:37,304 [INFO] PluginManage:356 - Loaded plugin filemanager (category:base,tabindex:10)
2023-03-03 11:27:37,305 [INFO] PluginManage:307 - Check plugin ipmanager
2023-03-03 11:27:37,312 [INFO] PluginManage:356 - Loaded plugin ipmanager (category:base,tabindex:5)
2023-03-03 11:27:37,313 [INFO] PluginManage:307 - Check plugin lpbam
2023-03-03 11:27:37,323 [INFO] PluginManage:356 - Loaded plugin lpbam (category:base,tabindex:0)
2023-03-03 11:27:37,323 [INFO] PluginManage:307 - Check plugin pinoutandconfiguration
2023-03-03 11:27:37,330 [INFO] PluginManage:356 - Loaded plugin pinoutandconfiguration (category:base,tabindex:1)
2023-03-03 11:27:37,330 [INFO] PluginManage:307 - Check plugin pinoutconfig
2023-03-03 11:27:37,359 [INFO] PluginManage:356 - Loaded plugin pinoutconfig (category:base,tabindex:0)
2023-03-03 11:27:37,360 [INFO] PluginManage:307 - Check plugin power
2023-03-03 11:27:37,368 [INFO] PluginManage:356 - Loaded plugin power (category:power,tabindex:4)
2023-03-03 11:27:37,368 [INFO] PluginManage:307 - Check plugin projectmanager
2023-03-03 11:27:37,383 [INFO] PluginManage:356 - Loaded plugin projectmanager (category:projectmanager,tabindex:3)
2023-03-03 11:27:37,383 [INFO] PluginManage:307 - Check plugin thirdparty
2023-03-03 11:27:37,513 [WARN] IntegrityCheckThread:82 - waiting for thirdparty lock release [integrity check]
2023-03-03 11:27:37,514 [INFO] PluginManage:356 - Loaded plugin thirdparty (category:base,tabindex:-1)
2023-03-03 11:27:37,514 [INFO] IntegrityCheckThread:84 - entering critical section [integrity check]
2023-03-03 11:27:37,515 [INFO] PluginManage:307 - Check plugin tools
2023-03-03 11:27:37,517 [INFO] ThirdPartyUpdaterWithRetryManager:70 - Updater plugin not ready yet. [1/15]
2023-03-03 11:27:37,518 [INFO] PluginManage:356 - Loaded plugin tools (category:base,tabindex:7)
2023-03-03 11:27:37,518 [INFO] PluginManage:307 - Check plugin tutovideos
2023-03-03 11:27:37,661 [INFO] PluginManage:356 - Loaded plugin tutovideos (category:base,tabindex:-1)
2023-03-03 11:27:37,661 [INFO] PluginManage:307 - Check plugin updater
2023-03-03 11:27:37,671 [INFO] PluginManage:356 - Loaded plugin updater (category:base,tabindex:12)
2023-03-03 11:27:37,672 [INFO] PluginManage:280 - PluginManage : Loaded plugins [15]
2023-03-03 11:27:37,877 [INFO] PinOutPanel:1477 - setPackage(No Configuration,No Configuration)
2023-03-03 11:27:37,938 [INFO] CADModel:164 - CPN selected for project level
2023-03-03 11:27:37,938 [INFO] CADModel:113 - Register for checkConnection events
2023-03-03 11:27:37,953 [INFO] IPUIPlugin:79 - create IPUIPlugin
2023-03-03 11:27:37,953 [INFO] PluginManager:219 - loadIPPluginJar : add adc
2023-03-03 11:27:37,955 [INFO] IPUIPlugin:79 - create IPUIPlugin
2023-03-03 11:27:37,956 [INFO] PluginManager:219 - loadIPPluginJar : add aes
2023-03-03 11:27:37,958 [INFO] IPUIPlugin:79 - create IPUIPlugin
2023-03-03 11:27:37,958 [INFO] PluginManager:219 - loadIPPluginJar : add can
2023-03-03 11:27:37,960 [INFO] IPUIPlugin:79 - create IPUIPlugin
2023-03-03 11:27:37,960 [INFO] PluginManager:219 - loadIPPluginJar : add comp
2023-03-03 11:27:37,962 [INFO] IPUIPlugin:79 - create IPUIPlugin
2023-03-03 11:27:37,963 [INFO] PluginManager:219 - loadIPPluginJar : add cryp
2023-03-03 11:27:37,965 [INFO] IPUIPlugin:79 - create IPUIPlugin
2023-03-03 11:27:37,965 [INFO] PluginManager:219 - loadIPPluginJar : add dfsdm
2023-03-03 11:27:37,971 [INFO] IPUIPlugin:79 - create IPUIPlugin
2023-03-03 11:27:37,971 [INFO] PluginManager:219 - loadIPPluginJar : add dma
2023-03-03 11:27:37,974 [INFO] IPUIPlugin:79 - create IPUIPlugin
2023-03-03 11:27:37,974 [INFO] PluginManager:219 - loadIPPluginJar : add dma3
2023-03-03 11:27:37,976 [INFO] IPUIPlugin:79 - create IPUIPlugin
2023-03-03 11:27:37,976 [INFO] PluginManager:219 - loadIPPluginJar : add fatfs
2023-03-03 11:27:37,980 [INFO] IPUIPlugin:79 - create IPUIPlugin
2023-03-03 11:27:37,980 [INFO] PluginManager:219 - loadIPPluginJar : add fmc
2023-03-03 11:27:37,985 [INFO] IPUIPlugin:79 - create IPUIPlugin
2023-03-03 11:27:37,985 [INFO] PluginManager:219 - loadIPPluginJar : add freertos
2023-03-03 11:27:37,986 [INFO] IPUIPlugin:79 - create IPUIPlugin
2023-03-03 11:27:37,986 [INFO] PluginManager:219 - loadIPPluginJar : add genericplugin
2023-03-03 11:27:37,989 [INFO] IPUIPlugin:79 - create IPUIPlugin
2023-03-03 11:27:37,989 [INFO] PluginManager:219 - loadIPPluginJar : add gfxmmu
2023-03-03 11:27:37,993 [INFO] IPUIPlugin:79 - create IPUIPlugin
2023-03-03 11:27:37,993 [INFO] PluginManager:219 - loadIPPluginJar : add gic
2023-03-03 11:27:37,997 [INFO] IPUIPlugin:79 - create IPUIPlugin
2023-03-03 11:27:37,997 [INFO] PluginManager:219 - loadIPPluginJar : add gpio
2023-03-03 11:27:38,000 [INFO] IPUIPlugin:79 - create IPUIPlugin
2023-03-03 11:27:38,000 [INFO] PluginManager:219 - loadIPPluginJar : add gtzc
2023-03-03 11:27:38,002 [INFO] IPUIPlugin:79 - create IPUIPlugin
2023-03-03 11:27:38,003 [INFO] PluginManager:219 - loadIPPluginJar : add hash
2023-03-03 11:27:38,005 [INFO] IPUIPlugin:79 - create IPUIPlugin
2023-03-03 11:27:38,006 [INFO] PluginManager:219 - loadIPPluginJar : add i2c
2023-03-03 11:27:38,008 [INFO] IPUIPlugin:79 - create IPUIPlugin
2023-03-03 11:27:38,008 [INFO] PluginManager:219 - loadIPPluginJar : add i2s
2023-03-03 11:27:38,011 [INFO] IPUIPlugin:79 - create IPUIPlugin
2023-03-03 11:27:38,011 [INFO] PluginManager:219 - loadIPPluginJar : add ipddr
2023-03-03 11:27:38,017 [INFO] IPUIPlugin:79 - create IPUIPlugin
2023-03-03 11:27:38,017 [INFO] PluginManager:219 - loadIPPluginJar : add linkedlist
2023-03-03 11:27:38,020 [INFO] IPUIPlugin:79 - create IPUIPlugin
2023-03-03 11:27:38,020 [INFO] PluginManager:219 - loadIPPluginJar : add lorawan
2023-03-03 11:27:38,021 [INFO] IPUIPlugin:79 - create IPUIPlugin
2023-03-03 11:27:38,022 [INFO] PluginManager:219 - loadIPPluginJar : add ltdc
2023-03-03 11:27:38,026 [INFO] IPUIPlugin:79 - create IPUIPlugin
2023-03-03 11:27:38,027 [INFO] PluginManager:219 - loadIPPluginJar : add mdma
2023-03-03 11:27:38,030 [INFO] IPUIPlugin:79 - create IPUIPlugin
2023-03-03 11:27:38,031 [INFO] PluginManager:219 - loadIPPluginJar : add nvic
2023-03-03 11:27:38,033 [INFO] IPUIPlugin:79 - create IPUIPlugin
2023-03-03 11:27:38,034 [INFO] PluginManager:219 - loadIPPluginJar : add opamp
2023-03-03 11:27:38,037 [INFO] IPUIPlugin:79 - create IPUIPlugin
2023-03-03 11:27:38,037 [INFO] PluginManager:219 - loadIPPluginJar : add openamp
2023-03-03 11:27:38,041 [INFO] IPUIPlugin:79 - create IPUIPlugin
2023-03-03 11:27:38,041 [INFO] PluginManager:219 - loadIPPluginJar : add pdm2pcm
2023-03-03 11:27:38,047 [INFO] IPUIPlugin:79 - create IPUIPlugin
2023-03-03 11:27:38,051 [INFO] PluginManager:219 - loadIPPluginJar : add plateformsettings
2023-03-03 11:27:38,053 [INFO] IPUIPlugin:79 - create IPUIPlugin
2023-03-03 11:27:38,054 [INFO] PluginManager:219 - loadIPPluginJar : add quadspi
2023-03-03 11:27:38,057 [INFO] IPUIPlugin:79 - create IPUIPlugin
2023-03-03 11:27:38,057 [INFO] PluginManager:219 - loadIPPluginJar : add resmgrutility
2023-03-03 11:27:38,060 [INFO] IPUIPlugin:79 - create IPUIPlugin
2023-03-03 11:27:38,060 [INFO] PluginManager:219 - loadIPPluginJar : add sai
2023-03-03 11:27:38,062 [INFO] IPUIPlugin:79 - create IPUIPlugin
2023-03-03 11:27:38,063 [INFO] PluginManager:219 - loadIPPluginJar : add spi
2023-03-03 11:27:38,066 [INFO] IPUIPlugin:79 - create IPUIPlugin
2023-03-03 11:27:38,067 [INFO] PluginManager:219 - loadIPPluginJar : add stm32_wpan
2023-03-03 11:27:38,068 [INFO] IPUIPlugin:79 - create IPUIPlugin
2023-03-03 11:27:38,069 [INFO] PluginManager:219 - loadIPPluginJar : add tim
2023-03-03 11:27:38,072 [INFO] IPUIPlugin:79 - create IPUIPlugin
2023-03-03 11:27:38,072 [INFO] PluginManager:219 - loadIPPluginJar : add touchsensing
2023-03-03 11:27:38,074 [INFO] IPUIPlugin:79 - create IPUIPlugin
2023-03-03 11:27:38,074 [INFO] PluginManager:219 - loadIPPluginJar : add tracer_emb
2023-03-03 11:27:38,076 [INFO] IPUIPlugin:79 - create IPUIPlugin
2023-03-03 11:27:38,077 [INFO] PluginManager:219 - loadIPPluginJar : add ts
2023-03-03 11:27:38,078 [INFO] IPUIPlugin:79 - create IPUIPlugin
2023-03-03 11:27:38,079 [INFO] PluginManager:219 - loadIPPluginJar : add tsc
2023-03-03 11:27:38,080 [INFO] IPUIPlugin:79 - create IPUIPlugin
2023-03-03 11:27:38,081 [INFO] PluginManager:219 - loadIPPluginJar : add ucpd
2023-03-03 11:27:38,083 [INFO] IPUIPlugin:79 - create IPUIPlugin
2023-03-03 11:27:38,084 [INFO] PluginManager:219 - loadIPPluginJar : add usart
2023-03-03 11:27:38,087 [INFO] IPUIPlugin:79 - create IPUIPlugin
2023-03-03 11:27:38,087 [INFO] PluginManager:219 - loadIPPluginJar : add usbx
2023-03-03 11:27:38,213 [INFO] CADModel:164 - CPN selected for project level
2023-03-03 11:27:38,213 [INFO] CADModel:113 - Register for checkConnection events
2023-03-03 11:27:38,214 [FATAL] Updater:308 - Updater called before beeing initialized
2023-03-03 11:27:38,214 [ERROR] CADModel:124 - Updater not yet initialized, retry later 
2023-03-03 11:27:38,344 [INFO] CADModel:164 - CPN selected for project level
2023-03-03 11:27:38,344 [INFO] CADModel:113 - Register for checkConnection events
2023-03-03 11:27:38,344 [FATAL] Updater:308 - Updater called before beeing initialized
2023-03-03 11:27:38,344 [ERROR] CADModel:124 - Updater not yet initialized, retry later 
2023-03-03 11:27:38,347 [FATAL] Updater:308 - Updater called before beeing initialized
2023-03-03 11:27:38,447 [FATAL] Updater:308 - Updater called before beeing initialized
2023-03-03 11:27:38,454 [INFO] DbMcusAds:52 - JSON generation date=Tue Feb 21 17:58:20 TRT 2023 (1676991500156)
2023-03-03 11:27:38,454 [FATAL] Updater:308 - Updater called before beeing initialized
2023-03-03 11:27:38,482 [WARN] DetailPanel:344 - Failed to get advertising image, set to default
2023-03-03 11:27:38,606 [FATAL] Updater:308 - Updater called before beeing initialized
2023-03-03 11:27:38,609 [FATAL] Updater:308 - Updater called before beeing initialized
2023-03-03 11:27:38,609 [FATAL] Updater:308 - Updater called before beeing initialized
2023-03-03 11:27:38,609 [WARN] DetailPanel:344 - Failed to get advertising image, set to default
2023-03-03 11:27:38,610 [FATAL] Updater:308 - Updater called before beeing initialized
2023-03-03 11:27:38,651 [ERROR] Updater:1120 - MainUpdater not yet initialized. External WinMGr cannot be set.
2023-03-03 11:27:38,653 [INFO] Updater:1056 - Updater Version found : 6.7.0
2023-03-03 11:27:38,667 [INFO] ApplicationProperties:181 - Using Application install path: C:\ST\STM32CubeIDE_1.11.0\STM32CubeIDE\plugins\com.st.stm32cube.common.mx_6.7.0.202211181646
2023-03-03 11:27:38,922 [INFO] MainUpdater:2800 - connection check result : 10
2023-03-03 11:27:38,923 [INFO] MainUpdater:282 - Updater Check For Update Now.
2023-03-03 11:27:38,924 [INFO] MicroXplorer:481 - Change Database Version : DB.6.0.70
2023-03-03 11:27:39,084 [INFO] CheckServerUpdateThread:119 - End of CheckServer Thread
2023-03-03 11:27:39,145 [INFO] MainUpdater:2800 - connection check result : 10
2023-03-03 11:27:39,446 [INFO] ApiDb:580 - Connected to CubeFinder SQLite database (C:\Users\user\.stmcufinder\plugins\mcufinder\mcu\cube-finder-db.db)
2023-03-03 11:27:39,499 [INFO] ApiDb:667 - CubeFinder database Data Model version=2.1
2023-03-03 11:27:39,499 [INFO] ApiDb:668 - CubeFinder database Configuration version=3.0.35
2023-03-03 11:27:39,500 [INFO] ApiDb:669 - CubeFinder database generation date=2023-02-02 (1675320190)
2023-03-03 11:27:39,500 [INFO] ApiDb:670 - CubeFinder database FW Pack versions=[FP-ATR-ASTRA1_V1.1.1, STM32Cube_FW_C0_V1.0.1, STM32Cube_FW_F4_V1.27.1, STM32Cube_FW_F7_V1.17.0, STM32Cube_FW_G0_V1.6.1, STM32Cube_FW_G4_V1.5.0, STM32Cube_FW_H5_V0.5.1, STM32Cube_FW_H7_V1.11.0, STM32Cube_FW_L5_V1.5.0, STM32Cube_FW_U5_V1.1.1, STM32Cube_FW_WBA_V0.2.0, STM32Cube_FW_WB_V1.15.0, STM32Cube_FW_WB_V1.15.0RC1, STM32Cube_FW_WL_V1.3.0, X-CUBE-ALGOBUILD_V1.3.0, X-CUBE-ALS_V1.0.1, X-CUBE-AZRTOS-F4_V1.1.0, X-CUBE-AZRTOS-F7_V1.1.0, X-CUBE-AZRTOS-G0_V1.1.0, X-CUBE-AZRTOS-G4_V1.0.0, X-CUBE-AZRTOS-H7_V3.0.0, X-CUBE-AZRTOS-L4_V1.0.0, X-CUBE-AZRTOS-L5_V1.1.0, X-CUBE-AZRTOS-WB_V1.1.0, X-CUBE-AZRTOS-WL_V1.0.0, X-CUBE-BLE1_V6.2.4, X-CUBE-BLE2_V3.3.0, X-CUBE-BLEMGR_V1.3.0, X-CUBE-EEPRMA1_V4.1.0, X-CUBE-GNSS1_V6.0.0, X-CUBE-MEMS1_V9.1.0, X-CUBE-MEMS1_V9.3.0, X-CUBE-MEMS1_V9.4.0, X-CUBE-NFC4_V3.0.0, X-CUBE-NFC7_V1.0.0, X-CUBE-SFXS2LP1_V4.0.0, X-CUBE-SUBG2_V5.0.0]
2023-03-03 11:27:40,682 [WARN] PackLoader:242 - Cannot read IP mode file for STMicroelectronics.X-CUBE-GNSS1.6.0.0
2023-03-03 11:27:40,719 [WARN] PackLoader:242 - Cannot read IP mode file for STMicroelectronics.X-CUBE-AZRTOS-F4.1.1.0
2023-03-03 11:27:40,760 [WARN] PackLoader:242 - Cannot read IP mode file for STMicroelectronics.X-CUBE-AZRTOS-F7.1.1.0
2023-03-03 11:27:40,775 [WARN] PackLoader:242 - Cannot read IP mode file for STMicroelectronics.X-CUBE-BLE1.6.2.4
2023-03-03 11:27:40,797 [WARN] PackLoader:242 - Cannot read IP mode file for emotas.I-CUBE-CANOPEN.1.1.3
2023-03-03 11:27:40,806 [WARN] PackLoader:242 - Cannot read IP mode file for STMicroelectronics.X-CUBE-NFC4.2.0.5
2023-03-03 11:27:40,817 [WARN] PackLoader:242 - Cannot read IP mode file for STMicroelectronics.X-CUBE-DISPLAY.3.0.0
2023-03-03 11:27:40,831 [WARN] PackLoader:242 - Cannot read IP mode file for wolfSSL.I-CUBE-wolfSSL.5.5.3
2023-03-03 11:27:40,840 [WARN] PackLoader:242 - Cannot read IP mode file for STMicroelectronics.X-CUBE-NFC7.1.0.0
2023-03-03 11:27:40,849 [WARN] PackLoader:242 - Cannot read IP mode file for STMicroelectronics.X-CUBE-EEPRMA1.4.1.0
2023-03-03 11:27:40,863 [WARN] PackLoader:242 - Cannot read IP mode file for STMicroelectronics.X-CUBE-SFXS2LP1.4.0.0
2023-03-03 11:27:40,872 [WARN] PackLoader:242 - Cannot read IP mode file for STMicroelectronics.X-CUBE-BLE2.3.3.0
2023-03-03 11:27:40,883 [WARN] PackLoader:242 - Cannot read IP mode file for STMicroelectronics.X-CUBE-DISPLAY.2.2.0
2023-03-03 11:27:40,899 [WARN] PackLoader:242 - Cannot read IP mode file for STMicroelectronics.X-CUBE-TOF1.3.2.0
2023-03-03 11:27:40,934 [WARN] PackLoader:242 - Cannot read IP mode file for STMicroelectronics.X-CUBE-AZRTOS-H7.3.0.0
2023-03-03 11:27:40,948 [WARN] PackLoader:242 - Cannot read IP mode file for STMicroelectronics.X-CUBE-ISPU.1.1.0
2023-03-03 11:27:40,961 [WARN] PackLoader:242 - Cannot read IP mode file for RoweBots.I-CUBE-UNISONRTOS.5.5.0-4
2023-03-03 11:27:40,995 [WARN] PackLoader:242 - Cannot read IP mode file for STMicroelectronics.X-CUBE-AZRTOS-H7.2.1.0
2023-03-03 11:27:41,005 [WARN] PackLoader:242 - Cannot read IP mode file for STMicroelectronics.X-CUBE-AI.8.0.0
2023-03-03 11:27:41,011 [WARN] PackLoader:242 - Cannot read IP mode file for STMicroelectronics.X-CUBE-TOUCHGFX.4.21.1
2023-03-03 11:27:41,049 [WARN] PackLoader:242 - Cannot read IP mode file for STMicroelectronics.X-CUBE-MEMS1.9.4.0
2023-03-03 11:27:41,149 [INFO] ApiDb:239 - Found 143 in-development CPN: [B-WB1M-WPAN1, B-WL5M-SUBG1, NUCLEO-C031C6, STEVAL-PROTEUS1, STEVAL-STWINBX1, STM320518-EVAL, STM32C0116-DK, STM32C011D6Y3TR, STM32C011D6Y6TR, STM32C011F4P3, STM32C011F4P6, STM32C011F4U3, STM32C011F4U6TR, STM32C011F6P3, STM32C011F6P6, STM32C011F6U3, STM32C011F6U6TR, STM32C011J4M3, STM32C011J4M6, STM32C011J6M3, STM32C011J6M6, STM32C0316-DK, STM32C031C4T3, STM32C031C4T6, STM32C031C4U3, STM32C031C4U6, STM32C031C6T3, STM32C031C6T6, STM32C031C6U3, STM32C031C6U6, STM32C031F4P3, STM32C031F4P6, STM32C031F6P3, STM32C031F6P6, STM32C031G4U3, STM32C031G4U6, STM32C031G6U3, STM32C031G6U6, STM32C031K4T3, STM32C031K4T6, STM32C031K4U3, STM32C031K4U6, STM32C031K6T3, STM32C031K6T6, STM32C031K6U3, STM32C031K6U6, STM32G071K8TXN, STM32G071K8UXN, STM32G081GBU6N, STM32G081KBT6N, STM32G081KBUXN, STM32G0B1CCT6N, STM32G0B1KCT6, STM32G0B1NEY6TR, STM32G0B1RCT6N, STM32G0C1CCT6, STM32G0C1CCT6N, STM32G0C1CCU6N, STM32G0C1CET6N, STM32G0C1CEU6N, STM32G0C1KCT6, STM32G0C1NEY6TR, STM32G0C1RCI6N, STM32G0C1RCT6N, STM32G0C1REI6N, STM32G0C1RET6N, STM32G0C1VCI6, STM32G0C1VEI6, STM32G471CCT6, STM32G471CCU6, STM32G471CET3, STM32G471CET6, STM32G471CEU3, STM32G471CEU6, STM32G471MCT6, STM32G471MET3, STM32G471MET6, STM32G471MEY6TR, STM32G471QCT6, STM32G471QET3, STM32G471RCT6, STM32G471RET3, STM32G471RET6, STM32G471VCH6, STM32G471VCI6, STM32G471VCT6, STM32G471VEH3, STM32G471VEH6, STM32G471VEI3, STM32G471VEI6, STM32G471VET3, STM32G471VET6, STM32G474CCT6, STM32L476VGY6PTR, STM32L4R5QGI6STR, STM32MP131AAE3, STM32MP131AAF3, STM32MP131AAG3, STM32MP131CAE3, STM32MP131CAF3, STM32MP131CAG3, STM32MP131DAE7, STM32MP131DAF7, STM32MP131DAG7, STM32MP131FAE7, STM32MP131FAF7, STM32MP131FAG7, STM32MP133AAE3, STM32MP133AAF3, STM32MP133AAG3, STM32MP133CAE3, STM32MP133CAF3, STM32MP133CAG3, STM32MP133DAE7, STM32MP133DAF7, STM32MP133DAG7, STM32MP133FAE7, STM32MP133FAF7, STM32MP133FAG7, STM32MP135AAE3, STM32MP135AAF3, STM32MP135AAG3, STM32MP135CAE3, STM32MP135CAF3, STM32MP135CAG3, STM32MP135DAE7, STM32MP135DAF7, STM32MP135DAG7, STM32MP135F-DK, STM32MP135FAE7, STM32MP135FAF7, STM32MP135FAF7T, STM32MP135FAF7U, STM32MP135FAG7, STM32U595ZJT6Q, STM32U599BJY6QTR, STM32U599NIH6Q, STM32U599NJH6Q, STM32U5A5ZJT6Q, STM32U5A9BJY6QTR, STM32U5A9NJH6Q, STM32WB1MMCH6, STM32WL5MOCH6TR]
2023-03-03 11:27:41,155 [INFO] DbMcus:215 - Found 3582 MCUs, 3582 are supported
2023-03-03 11:27:41,159 [INFO] ApiDb:422 - Load user favorites file C:\Users\user/.stm32cubeide/favorites.mcus.txt: 0 item(s)
2023-03-03 11:27:41,159 [INFO] ApiDb:426 - User favorites MCUs=[]
2023-03-03 11:27:41,160 [INFO] DbMcus:221 - Set 0 / 0 favorites MCUs
2023-03-03 11:27:41,202 [WARN] PackLoader:242 - Cannot read IP mode file for STMicroelectronics.X-CUBE-AI.7.3.0
2023-03-03 11:27:41,212 [WARN] PackLoader:242 - Cannot read IP mode file for STMicroelectronics.X-CUBE-ALGOBUILD.1.3.0
2023-03-03 11:27:41,231 [WARN] PackLoader:242 - Cannot read IP mode file for STMicroelectronics.X-CUBE-AZRTOS-L5.1.1.0
2023-03-03 11:27:41,255 [WARN] PackLoader:242 - Cannot read IP mode file for STMicroelectronics.X-CUBE-AZRTOS-G0.1.1.0
2023-03-03 11:27:41,270 [WARN] PackLoader:242 - Cannot read IP mode file for STMicroelectronics.X-CUBE-SUBG2.5.0.0
2023-03-03 11:27:41,283 [WARN] PackLoader:242 - Cannot read IP mode file for STMicroelectronics.X-CUBE-NFC4.3.0.0
2023-03-03 11:27:41,290 [WARN] PackLoader:242 - Cannot read IP mode file for STMicroelectronics.FP-ATR-ASTRA1.1.1.1
2023-03-03 11:27:41,302 [WARN] PackLoader:242 - Cannot read IP mode file for STMicroelectronics.X-CUBE-BLEMGR.1.3.0
2023-03-03 11:27:41,317 [WARN] PackLoader:242 - Cannot read IP mode file for STMicroelectronics.X-CUBE-AZRTOS-G4.1.0.0
2023-03-03 11:27:41,326 [WARN] PackLoader:242 - Cannot read IP mode file for STMicroelectronics.FP-ATR-SIGFOX1.3.2.0
2023-03-03 11:27:41,343 [WARN] PackLoader:242 - Cannot read IP mode file for STMicroelectronics.X-CUBE-AZRTOS-L4.1.0.0
2023-03-03 11:27:41,350 [WARN] PackLoader:242 - Cannot read IP mode file for STMicroelectronics.X-CUBE-TOUCHGFX.4.20.0
2023-03-03 11:27:41,362 [WARN] PackLoader:242 - Cannot read IP mode file for STMicroelectronics.X-CUBE-AZRTOS-WL.1.0.0
2023-03-03 11:27:41,371 [WARN] PackLoader:242 - Cannot read IP mode file for portGmbH.I-Cube-SoM-uGOAL.1.1.0
2023-03-03 11:27:41,376 [WARN] PackLoader:242 - Cannot read IP mode file for STMicroelectronics.X-CUBE-ALS.1.0.1
2023-03-03 11:27:41,433 [WARN] PackLoader:242 - Cannot read IP mode file for STMicroelectronics.X-CUBE-MEMS1.9.5.0
2023-03-03 11:27:41,566 [WARN] PackLoader:242 - Cannot read IP mode file for STMicroelectronics.X-CUBE-AZRTOS-WB.1.1.0
2023-03-03 11:27:41,577 [WARN] PackLoader:242 - Cannot read IP mode file for STMicroelectronics.X-CUBE-EEPRMA1.3.1.1
2023-03-03 11:27:41,618 [WARN] PackLoader:242 - Cannot read IP mode file for SEGGER.I-CUBE-embOS.1.3.0
2023-03-03 11:27:41,667 [INFO] ThirdParty:947 - Integrity check success = true
2023-03-03 11:27:41,668 [INFO] IntegrityCheckThread:98 - exiting critical section [integrity check]
2023-03-03 11:27:41,668 [INFO] IntegrityCheckThread:101 - End integrity checks thread
2023-03-03 11:27:41,752 [INFO] McuFinderGlobals:65 - Set McuFinderConnectedMode to true
2023-03-03 11:27:41,768 [INFO] MultiScanPanel:196 - Auto-refresh data requested => check proxy status ongoing
2023-03-03 11:27:41,775 [INFO] FinderPluginLoader:92 - Searching for filters in installed packs
2023-03-03 11:27:43,065 [INFO] LoadUrlFilesThread:179 - End of LoadServerUrlFiles without Thread
2023-03-03 11:27:43,085 [INFO] DetailPanel:339 - Set advertising image to C:/Users/user/STM32Cube/Repository/\en.prom-stm32u5-0223.jpg
2023-03-03 11:27:43,546 [INFO] ApiDb:667 - CubeFinder database Data Model version=2.1
2023-03-03 11:27:43,546 [INFO] ApiDb:668 - CubeFinder database Configuration version=3.0.35
2023-03-03 11:27:43,546 [INFO] ApiDb:669 - CubeFinder database generation date=2023-02-02 (1675320190)
2023-03-03 11:27:43,547 [INFO] ApiDb:670 - CubeFinder database FW Pack versions=[FP-ATR-ASTRA1_V1.1.1, STM32Cube_FW_C0_V1.0.1, STM32Cube_FW_F4_V1.27.1, STM32Cube_FW_F7_V1.17.0, STM32Cube_FW_G0_V1.6.1, STM32Cube_FW_G4_V1.5.0, STM32Cube_FW_H5_V0.5.1, STM32Cube_FW_H7_V1.11.0, STM32Cube_FW_L5_V1.5.0, STM32Cube_FW_U5_V1.1.1, STM32Cube_FW_WBA_V0.2.0, STM32Cube_FW_WB_V1.15.0, STM32Cube_FW_WB_V1.15.0RC1, STM32Cube_FW_WL_V1.3.0, X-CUBE-ALGOBUILD_V1.3.0, X-CUBE-ALS_V1.0.1, X-CUBE-AZRTOS-F4_V1.1.0, X-CUBE-AZRTOS-F7_V1.1.0, X-CUBE-AZRTOS-G0_V1.1.0, X-CUBE-AZRTOS-G4_V1.0.0, X-CUBE-AZRTOS-H7_V3.0.0, X-CUBE-AZRTOS-L4_V1.0.0, X-CUBE-AZRTOS-L5_V1.1.0, X-CUBE-AZRTOS-WB_V1.1.0, X-CUBE-AZRTOS-WL_V1.0.0, X-CUBE-BLE1_V6.2.4, X-CUBE-BLE2_V3.3.0, X-CUBE-BLEMGR_V1.3.0, X-CUBE-EEPRMA1_V4.1.0, X-CUBE-GNSS1_V6.0.0, X-CUBE-MEMS1_V9.1.0, X-CUBE-MEMS1_V9.3.0, X-CUBE-MEMS1_V9.4.0, X-CUBE-NFC4_V3.0.0, X-CUBE-NFC7_V1.0.0, X-CUBE-SFXS2LP1_V4.0.0, X-CUBE-SUBG2_V5.0.0]
2023-03-03 11:27:43,598 [INFO] DbBoardsSqlite:225 - include board P-NUCLEO-WB55-NUCLEO as a kit item of type 'Nucleo-64'
2023-03-03 11:27:43,599 [INFO] DbBoardsSqlite:225 - include board P-NUCLEO-WB55-USBDONGLE as a kit item of type 'Nucleo USB Dongle'
2023-03-03 11:27:43,599 [INFO] DbBoardsSqlite:225 - include board STEVAL-IDP005V1 as a kit item of type 'Evaluation Board'
2023-03-03 11:27:43,600 [INFO] DbBoardsSqlite:225 - include board STEVAL-IDP005V2 as a kit item of type 'Evaluation Board'
2023-03-03 11:27:43,631 [INFO] ApiDb:239 - Found 143 in-development CPN: [B-WB1M-WPAN1, B-WL5M-SUBG1, NUCLEO-C031C6, STEVAL-PROTEUS1, STEVAL-STWINBX1, STM320518-EVAL, STM32C0116-DK, STM32C011D6Y3TR, STM32C011D6Y6TR, STM32C011F4P3, STM32C011F4P6, STM32C011F4U3, STM32C011F4U6TR, STM32C011F6P3, STM32C011F6P6, STM32C011F6U3, STM32C011F6U6TR, STM32C011J4M3, STM32C011J4M6, STM32C011J6M3, STM32C011J6M6, STM32C0316-DK, STM32C031C4T3, STM32C031C4T6, STM32C031C4U3, STM32C031C4U6, STM32C031C6T3, STM32C031C6T6, STM32C031C6U3, STM32C031C6U6, STM32C031F4P3, STM32C031F4P6, STM32C031F6P3, STM32C031F6P6, STM32C031G4U3, STM32C031G4U6, STM32C031G6U3, STM32C031G6U6, STM32C031K4T3, STM32C031K4T6, STM32C031K4U3, STM32C031K4U6, STM32C031K6T3, STM32C031K6T6, STM32C031K6U3, STM32C031K6U6, STM32G071K8TXN, STM32G071K8UXN, STM32G081GBU6N, STM32G081KBT6N, STM32G081KBUXN, STM32G0B1CCT6N, STM32G0B1KCT6, STM32G0B1NEY6TR, STM32G0B1RCT6N, STM32G0C1CCT6, STM32G0C1CCT6N, STM32G0C1CCU6N, STM32G0C1CET6N, STM32G0C1CEU6N, STM32G0C1KCT6, STM32G0C1NEY6TR, STM32G0C1RCI6N, STM32G0C1RCT6N, STM32G0C1REI6N, STM32G0C1RET6N, STM32G0C1VCI6, STM32G0C1VEI6, STM32G471CCT6, STM32G471CCU6, STM32G471CET3, STM32G471CET6, STM32G471CEU3, STM32G471CEU6, STM32G471MCT6, STM32G471MET3, STM32G471MET6, STM32G471MEY6TR, STM32G471QCT6, STM32G471QET3, STM32G471RCT6, STM32G471RET3, STM32G471RET6, STM32G471VCH6, STM32G471VCI6, STM32G471VCT6, STM32G471VEH3, STM32G471VEH6, STM32G471VEI3, STM32G471VEI6, STM32G471VET3, STM32G471VET6, STM32G474CCT6, STM32L476VGY6PTR, STM32L4R5QGI6STR, STM32MP131AAE3, STM32MP131AAF3, STM32MP131AAG3, STM32MP131CAE3, STM32MP131CAF3, STM32MP131CAG3, STM32MP131DAE7, STM32MP131DAF7, STM32MP131DAG7, STM32MP131FAE7, STM32MP131FAF7, STM32MP131FAG7, STM32MP133AAE3, STM32MP133AAF3, STM32MP133AAG3, STM32MP133CAE3, STM32MP133CAF3, STM32MP133CAG3, STM32MP133DAE7, STM32MP133DAF7, STM32MP133DAG7, STM32MP133FAE7, STM32MP133FAF7, STM32MP133FAG7, STM32MP135AAE3, STM32MP135AAF3, STM32MP135AAG3, STM32MP135CAE3, STM32MP135CAF3, STM32MP135CAG3, STM32MP135DAE7, STM32MP135DAF7, STM32MP135DAG7, STM32MP135F-DK, STM32MP135FAE7, STM32MP135FAF7, STM32MP135FAF7T, STM32MP135FAF7U, STM32MP135FAG7, STM32U595ZJT6Q, STM32U599BJY6QTR, STM32U599NIH6Q, STM32U599NJH6Q, STM32U5A5ZJT6Q, STM32U5A9BJY6QTR, STM32U5A9NJH6Q, STM32WB1MMCH6, STM32WL5MOCH6TR]
2023-03-03 11:27:43,734 [INFO] BoardInfo:879 - No configuration file found for board P-NUCLEO-WB55
2023-03-03 11:27:43,735 [INFO] DbBoards:156 - Kit is not supported: P-NUCLEO-WB55
2023-03-03 11:27:43,740 [INFO] BoardInfo:879 - No configuration file found for board STEVAL-BFA001V1B
2023-03-03 11:27:43,740 [INFO] DbBoards:156 - Kit is not supported: STEVAL-BFA001V1B
2023-03-03 11:27:43,742 [INFO] BoardInfo:879 - No configuration file found for board STEVAL-BFA001V2B
2023-03-03 11:27:43,742 [INFO] DbBoards:156 - Kit is not supported: STEVAL-BFA001V2B
2023-03-03 11:27:43,882 [INFO] DbBoards:160 - Found 179 boards, 176 are supported
2023-03-03 11:27:43,887 [INFO] ApiDb:422 - Load user favorites file C:\Users\user/.stm32cubeide/favorites.boards.txt: 0 item(s)
2023-03-03 11:27:43,887 [INFO] ApiDb:426 - User favorites Boards=[]
2023-03-03 11:27:43,888 [INFO] DbBoards:189 - Set 0 / 0 favorites Boards
2023-03-03 11:27:46,998 [INFO] MultiScanPanel:196 - Auto-refresh data requested => check proxy status ongoing
2023-03-03 11:27:47,110 [INFO] LoadUrlFilesThread:179 - End of LoadServerUrlFiles without Thread
2023-03-03 11:27:47,110 [INFO] DetailPanel:339 - Set advertising image to C:/Users/user/STM32Cube/Repository/\en.prom-stm32u5-0223.jpg
2023-03-03 11:27:47,124 [INFO] DbBoards:633 - Loading board mini-images...
2023-03-03 11:27:48,912 [INFO] DbBoards:656 - Loaded 179 board mini-images
2023-03-03 11:27:54,600 [ERROR] LogOutputStream:74 - [STDERR_REDIRECT] SLF4J: Failed to load class "org.slf4j.impl.StaticLoggerBinder".
2023-03-03 11:27:54,602 [ERROR] LogOutputStream:74 - [STDERR_REDIRECT] SLF4J: Defaulting to no-operation (NOP) logger implementation
2023-03-03 11:27:54,604 [ERROR] LogOutputStream:74 - [STDERR_REDIRECT] SLF4J: See http://www.slf4j.org/codes.html#StaticLoggerBinder for further details.
2023-03-03 11:28:22,100 [INFO] MainUpdater:2800 - connection check result : 10
2023-03-03 11:28:22,100 [INFO] MainUpdater:2800 - connection check result : 10
2023-03-03 11:28:22,138 [INFO] MicroXplorer:451 - Change Database Path : 
2023-03-03 11:28:22,139 [INFO] MicroXplorer:481 - Change Database Version : DB.6.0.70
2023-03-03 11:28:22,140 [WARN] ThirdParty:845 - waiting for thirdparty lock release [close project]
2023-03-03 11:28:22,140 [INFO] ThirdParty:847 - entering critical section [close project]
2023-03-03 11:28:22,141 [INFO] ThirdParty:857 - exiting critical section [close project]
2023-03-03 11:28:22,150 [INFO] PinOutPanel:1477 - setPackage(No Configuration,No Configuration)
2023-03-03 11:28:22,157 [INFO] UtilMem:74 - Begin LoadConfig() Used Memory: 582040328 Bytes (599785472)
2023-03-03 11:28:22,161 [INFO] OpenFileManager:307 - Change cursor
2023-03-03 11:28:22,189 [INFO] ProjectFactory:399 - No CPN specified for board STM32F407G-DISC1 => set CPN to STM32F407VGT6
2023-03-03 11:28:22,190 [INFO] Mcu:1925 - Initializing MCU STM32F407V(E-G)Tx STM32F407VGTx STM32F407VGT6
2023-03-03 11:28:24,031 [INFO] Context:654 - Trying to add GPIOservice into a context  which must be forbidden
2023-03-03 11:28:24,574 [INFO] Rule:225 - rule 117617 - U5Cobra4M][GTZC] default value MPCBB3 and MPCBB5 - Not Secured memory - MPCBB1 is applicable
2023-03-03 11:28:24,574 [INFO] Rule:225 - rule 117617 - U5Cobra4M][GTZC] default value MPCBB3 and MPCBB5 - Not Secured memory - MPCBB1 is applicable
2023-03-03 11:28:24,574 [INFO] Rule:225 - rule 117617 - U5Cobra4M][GTZC] default value MPCBB3 and MPCBB5 - Not Secured memory - MPCBB2 is applicable
2023-03-03 11:28:24,574 [INFO] Rule:225 - rule 117617 - U5Cobra4M][GTZC] default value MPCBB3 and MPCBB5 - Not Secured memory - MPCBB2 is applicable
2023-03-03 11:28:24,574 [INFO] Rule:225 - rule 117617 - U5Cobra4M][GTZC] default value MPCBB3 and MPCBB5 - Not Secured memory - MPCBB3 is applicable
2023-03-03 11:28:24,574 [INFO] Rule:225 - rule 117617 - U5Cobra4M][GTZC] default value MPCBB3 and MPCBB5 - Not Secured memory - MPCBB3 is applicable
2023-03-03 11:28:24,574 [INFO] Rule:225 - rule 117617 - U5Cobra4M][GTZC] default value MPCBB3 and MPCBB5 - Not Secured memory - MPCBB4 is applicable
2023-03-03 11:28:24,574 [INFO] Rule:225 - rule 117617 - U5Cobra4M][GTZC] default value MPCBB3 and MPCBB5 - Not Secured memory - MPCBB4 is applicable
2023-03-03 11:28:24,574 [INFO] Rule:225 - rule 117617 - U5Cobra4M][GTZC] default value MPCBB3 and MPCBB5 - Secured memory - MPCBB1 is applicable
2023-03-03 11:28:24,574 [INFO] Rule:225 - rule 117617 - U5Cobra4M][GTZC] default value MPCBB3 and MPCBB5 - Secured memory - MPCBB2 is applicable
2023-03-03 11:28:24,575 [INFO] Rule:225 - rule 117617 - U5Cobra4M][GTZC] default value MPCBB3 and MPCBB5 - Secured memory - MPCBB3 is applicable
2023-03-03 11:28:24,575 [INFO] Rule:225 - rule 117617 - U5Cobra4M][GTZC] default value MPCBB3 and MPCBB5 - Secured memory - MPCBB4 is applicable
2023-03-03 11:28:24,575 [INFO] Rule:225 - rule 117617 - U5Cobra4M][GTZC] default value MPCBB3 and MPCBB5 - Privileged memory - MPCBB1 is applicable
2023-03-03 11:28:24,575 [INFO] Rule:225 - rule 117617 - U5Cobra4M][GTZC] default value MPCBB3 and MPCBB5 - Privileged memory - MPCBB2 is applicable
2023-03-03 11:28:24,575 [INFO] Rule:225 - rule 117617 - U5Cobra4M][GTZC] default value MPCBB3 and MPCBB5 - Privileged memory - MPCBB3 is applicable
2023-03-03 11:28:24,575 [INFO] Rule:225 - rule 117617 - U5Cobra4M][GTZC] default value MPCBB3 and MPCBB5 - Privileged memory - MPCBB4 is applicable
2023-03-03 11:28:24,575 [INFO] Rule:225 - rule 117617 - U5Cobra4M][GTZC] default value MPCBB3 and MPCBB5 - Not Privileged memory - MPCBB1 is applicable
2023-03-03 11:28:24,575 [INFO] Rule:225 - rule 117617 - U5Cobra4M][GTZC] default value MPCBB3 and MPCBB5 - Not Privileged memory - MPCBB2 is applicable
2023-03-03 11:28:24,575 [INFO] Rule:225 - rule 117617 - U5Cobra4M][GTZC] default value MPCBB3 and MPCBB5 - Not Privileged memory - MPCBB3 is applicable
2023-03-03 11:28:24,575 [INFO] Rule:225 - rule 117617 - U5Cobra4M][GTZC] default value MPCBB3 and MPCBB5 - Not Privileged memory - MPCBB4 is applicable
2023-03-03 11:28:24,575 [INFO] Rule:225 - rule 117617 - U5Cobra4M][GTZC] default value MPCBB3 and MPCBB5 - Privileged memory - MPCBB1 is applicable
2023-03-03 11:28:24,575 [INFO] Rule:225 - rule 117617 - U5Cobra4M][GTZC] default value MPCBB3 and MPCBB5 - Privileged memory - MPCBB2 is applicable
2023-03-03 11:28:24,575 [INFO] Rule:225 - rule 117617 - U5Cobra4M][GTZC] default value MPCBB3 and MPCBB5 - Privileged memory - MPCBB3 is applicable
2023-03-03 11:28:24,575 [INFO] Rule:225 - rule 117617 - U5Cobra4M][GTZC] default value MPCBB3 and MPCBB5 - Privileged memory - MPCBB4 is applicable
2023-03-03 11:28:24,575 [INFO] Rule:225 - rule 117617 - U5Cobra4M][GTZC] default value MPCBB3 and MPCBB5 - Privileged memory - MPCBB1 is applicable
2023-03-03 11:28:24,575 [INFO] Rule:225 - rule 117617 - U5Cobra4M][GTZC] default value MPCBB3 and MPCBB5 - Privileged memory - MPCBB2 is applicable
2023-03-03 11:28:24,575 [INFO] Rule:225 - rule 117617 - U5Cobra4M][GTZC] default value MPCBB3 and MPCBB5 - Privileged memory - MPCBB3 is applicable
2023-03-03 11:28:24,575 [INFO] Rule:225 - rule 117617 - U5Cobra4M][GTZC] default value MPCBB3 and MPCBB5 - Privileged memory - MPCBB4 is applicable
2023-03-03 11:28:24,575 [INFO] Rule:225 - rule 117617 - U5Cobra4M][GTZC] default value MPCBB3 and MPCBB5 - Not Privileged memory - MPCBB1 is applicable
2023-03-03 11:28:24,575 [INFO] Rule:225 - rule 117617 - U5Cobra4M][GTZC] default value MPCBB3 and MPCBB5 - Not Privileged memory - MPCBB2 is applicable
2023-03-03 11:28:24,575 [INFO] Rule:225 - rule 117617 - U5Cobra4M][GTZC] default value MPCBB3 and MPCBB5 - Not Privileged memory - MPCBB3 is applicable
2023-03-03 11:28:24,575 [INFO] Rule:225 - rule 117617 - U5Cobra4M][GTZC] default value MPCBB3 and MPCBB5 - Not Privileged memory - MPCBB4 is applicable
2023-03-03 11:28:24,575 [INFO] Rule:225 - rule 117617 - U5Cobra4M][GTZC] default value MPCBB3 and MPCBB5 - Privileged memory - MPCBB1 is applicable
2023-03-03 11:28:24,575 [INFO] Rule:225 - rule 117617 - U5Cobra4M][GTZC] default value MPCBB3 and MPCBB5 - Privileged memory - MPCBB2 is applicable
2023-03-03 11:28:24,576 [INFO] Rule:225 - rule 117617 - U5Cobra4M][GTZC] default value MPCBB3 and MPCBB5 - Privileged memory - MPCBB3 is applicable
2023-03-03 11:28:24,576 [INFO] Rule:225 - rule 117617 - U5Cobra4M][GTZC] default value MPCBB3 and MPCBB5 - Privileged memory - MPCBB4 is applicable
2023-03-03 11:28:24,576 [INFO] Rule:225 - rule Rename SubGHz_Phy SUBGHZ_APPLICATION SUBGHZ_PINGPONG to SUBGHZ_ADV_APPLICATION is applicable
2023-03-03 11:28:24,576 [INFO] Rule:225 - rule Rename Enabled to IBEACON is applicable
2023-03-03 11:28:24,576 [INFO] Rule:225 - rule GTZC_S instance for project manager is applicable
2023-03-03 11:28:24,576 [INFO] Rule:225 - rule GTZC_S instance for context M33S is applicable
2023-03-03 11:28:24,576 [INFO] Rule:225 - rule GTZC_S instance value for IP GTZC is applicable
2023-03-03 11:28:24,576 [INFO] Rule:225 - rule GTZC_S instance for mcu.IP is applicable
2023-03-03 11:28:24,576 [INFO] Rule:225 - rule GTZC_S instance for VP is applicable
2023-03-03 11:28:24,577 [INFO] Rule:225 - rule GTZC_S instance for signal is applicable
2023-03-03 11:28:24,577 [INFO] Rule:225 - rule GTZC_S instance for mcu.Pin is applicable
2023-03-03 11:28:24,577 [INFO] Rule:225 - rule GTZC_S instance for VP is applicable
2023-03-03 11:28:24,577 [INFO] Rule:225 - rule GTZC_S instance for signal is applicable
2023-03-03 11:28:24,577 [INFO] Rule:225 - rule GTZC_S instance for mcu is applicable
2023-03-03 11:28:24,577 [INFO] Rule:225 - rule GTZC_S instance for mcu.Pin is applicable
2023-03-03 11:28:24,577 [INFO] Rule:225 - rule GTZC_S instance value for IP GTZC is applicable
2023-03-03 11:28:24,577 [INFO] Rule:225 - rule GTZC_S instance for project manager is applicable
2023-03-03 11:28:24,577 [INFO] Rule:225 - rule GTZC_S instance for context M33S is applicable
2023-03-03 11:28:24,577 [INFO] Rule:225 - rule GTZC_S instance for VP is applicable
2023-03-03 11:28:24,577 [INFO] Rule:225 - rule GTZC_S instance for signal is applicable
2023-03-03 11:28:24,577 [INFO] Rule:225 - rule SPDIFRX instance for mcu is applicable
2023-03-03 11:28:24,577 [INFO] Rule:225 - rule Rename Tracer Mode is applicable
2023-03-03 11:28:24,577 [INFO] Rule:225 - rule SPDIFRX instance value for IP SPDIFRX is applicable
2023-03-03 11:28:24,578 [INFO] Rule:225 - rule SPDIFRX instance for signal is applicable
2023-03-03 11:28:24,578 [INFO] Rule:225 - rule SPDIFRX instance for project manager is applicable
2023-03-03 11:28:24,578 [INFO] Rule:225 - rule SPDIFRX instance for project manager is applicable
2023-03-03 11:28:24,578 [INFO] Rule:225 - rule ADC Scan  fix with FW F7 is applicable
2023-03-03 11:28:24,578 [INFO] Rule:225 - rule ADC Scan  fix with FW F7 is applicable
2023-03-03 11:28:24,578 [INFO] Rule:225 - rule Add RTC Activate Clock Source is applicable
2023-03-03 11:28:24,578 [INFO] Rule:225 - rule Add RTC Activate Calendar 1 is applicable
2023-03-03 11:28:24,578 [INFO] Rule:225 - rule Add RTC Activate Calendar 2 is applicable
2023-03-03 11:28:24,578 [INFO] Rule:225 - rule Add RTC Activate Calendar 3 is applicable
2023-03-03 11:28:24,578 [INFO] Rule:225 - rule UART/USART TX Mode is applicable
2023-03-03 11:28:24,578 [INFO] Rule:225 - rule UART/USART RX Mode is applicable
2023-03-03 11:28:24,578 [INFO] Rule:225 - rule UART/USART RX TX Mode is applicable
2023-03-03 11:28:24,578 [INFO] Rule:225 - rule UART/USART PARITY NONE is applicable
2023-03-03 11:28:24,578 [INFO] Rule:225 - rule UART/USART PARITY EVEN is applicable
2023-03-03 11:28:24,578 [INFO] Rule:225 - rule UART/USART PARITY ODD is applicable
2023-03-03 11:28:24,578 [INFO] Rule:225 - rule USART StopBits 1 is applicable
2023-03-03 11:28:24,578 [INFO] Rule:225 - rule USART StopBits 2 is applicable
2023-03-03 11:28:24,579 [INFO] Rule:225 - rule USART StopBits 1.5 is applicable
2023-03-03 11:28:24,579 [INFO] Rule:225 - rule USART StopBits 0.5 is applicable
2023-03-03 11:28:24,579 [INFO] Rule:225 - rule UART/USART WORD LENGTH 7 is applicable
2023-03-03 11:28:24,579 [INFO] Rule:225 - rule UART/USART WORD LENGTH 8 is applicable
2023-03-03 11:28:24,579 [INFO] Rule:225 - rule UART/USART WORD LENGTH 9 is applicable
2023-03-03 11:28:24,579 [INFO] Rule:225 - rule Rename FMC NAND NCE signal is applicable
2023-03-03 11:28:24,579 [INFO] Rule:225 - rule Rename FMC NAND INT signal is applicable
2023-03-03 11:28:24,579 [INFO] Rule:225 - rule Change Default Value for LSE Drive Capability for WB family is applicable
2023-03-03 11:28:24,579 [INFO] Rule:225 - rule Change Default Value for ADC Clock Prescaler G0 family is applicable
2023-03-03 11:28:24,579 [INFO] Rule:225 - rule Change Default Value for ADC ExternalTrigConv L4 family is applicable
2023-03-03 11:28:24,579 [INFO] Rule:225 - rule Change Default Value for ADC ExternalTrigInjecConv L4 family is applicable
2023-03-03 11:28:24,579 [INFO] Rule:225 - rule Change Default Value for ADC ExternalTrigConv F3 family is applicable
2023-03-03 11:28:24,579 [INFO] Rule:225 - rule Change Default Value for ADC ExternalTrigInjecConv F3 family is applicable
2023-03-03 11:28:24,580 [INFO] Rule:225 - rule Change Default Value for ADC ExternalTrigConv Goldfish serie is applicable
2023-03-03 11:28:24,580 [INFO] Rule:225 - rule Change Default Value for ADC ExternalTrigInjecConv Goldfish serie is applicable
2023-03-03 11:28:24,580 [INFO] Rule:225 - rule Change Default Value for ADC ExternalTrigConv L0 family is applicable
2023-03-03 11:28:24,580 [INFO] Rule:225 - rule Change Default Value for ADC ExternalTrigConv F0 family is applicable
2023-03-03 11:28:24,580 [INFO] Rule:225 - rule Change Default Value for ADC ExternalTrigConvn L1 family is applicable
2023-03-03 11:28:24,580 [INFO] Rule:225 - rule Change Default Value for ADC ExternalTrigInjecConv L1 family is applicable
2023-03-03 11:28:24,580 [INFO] Rule:225 - rule Change Default Value for ADC ExternalTrigConv F1 family is applicable
2023-03-03 11:28:24,580 [INFO] Rule:225 - rule Change Default Value for ADC ExternalTrigInjecConv F1 family is applicable
2023-03-03 11:28:24,580 [INFO] Rule:225 - rule Change Default Value for ADC ExternalTrigConv F7 family is applicable
2023-03-03 11:28:24,580 [INFO] Rule:225 - rule Change Default Value for ADC ExternalTrigInjecConv F7 family is applicable
2023-03-03 11:28:24,580 [INFO] Rule:225 - rule Change Default Value for ADC ExternalTrigConv F4 and F2 family is applicable
2023-03-03 11:28:24,580 [INFO] Rule:225 - rule Change Default Value for ADC ExternalTrigInjecConv F4 and F2 family is applicable
2023-03-03 11:28:24,581 [INFO] Rule:225 - rule ADC SamplingTime fix with FW L0  is applicable
2023-03-03 11:28:24,581 [INFO] Rule:225 - rule ADC SamplingTime fix with FW L0  is applicable
2023-03-03 11:28:24,581 [INFO] Rule:225 - rule ADC SamplingTime fix with FW L0 is applicable
2023-03-03 11:28:24,581 [INFO] Rule:225 - rule ADC SamplingTime fix with FW L0 is applicable
2023-03-03 11:28:24,581 [INFO] Rule:225 - rule ADC SamplingTime fix with FW L0  is applicable
2023-03-03 11:28:24,581 [INFO] Rule:225 - rule ADC SamplingTime fix with FW L0 is applicable
2023-03-03 11:28:24,581 [INFO] Rule:225 - rule Rename USB_OE Signal is applicable
2023-03-03 11:28:24,581 [INFO] Rule:225 - rule Rename Activate_OE Mode is applicable
2023-03-03 11:28:24,581 [INFO] Rule:225 - rule Rename DIE462/DIE415 pin PC14/OSC32_IN -> PC14-OSC32_IN (PC14) is applicable
2023-03-03 11:28:24,581 [INFO] Rule:225 - rule Rename DIE462/DIE415 pin PC15/OSC32_OUT -> PC15-OSC32_OUT (PC15) is applicable
2023-03-03 11:28:24,581 [INFO] Rule:225 - rule Rename DIE462/DIE415 pin PH0/OSC_IN -> PH0-OSC_IN (PH0) is applicable
2023-03-03 11:28:24,581 [INFO] Rule:225 - rule Rename DIE462/DIE415 pin PH1/OSC_OUT -> PH1-OSC_OUT (PH1) is applicable
2023-03-03 11:28:24,581 [INFO] Rule:225 - rule Rename DIE462 pin PA13 -> PA13 (JTMS/SWDIO) is applicable
2023-03-03 11:28:24,581 [INFO] Rule:225 - rule Rename DIE415 pin PA13 -> PA13 (JTMS/SWDIO) is applicable
2023-03-03 11:28:24,582 [INFO] Rule:225 - rule Rename DIE462 pin PA14 -> PA14 (JTCK/SWCLK) is applicable
2023-03-03 11:28:24,582 [INFO] Rule:225 - rule Rename DIE415 pin PA14 -> PA14 (JTCK/SWCLK) is applicable
2023-03-03 11:28:24,582 [INFO] Rule:225 - rule Rename DIE462/DIE415 pin PA15 -> PA15 (JTDI) is applicable
2023-03-03 11:28:24,582 [INFO] Rule:225 - rule Rename DIE462 pin PB3 -> PB3 (JTD0/TRACESWO) is applicable
2023-03-03 11:28:24,582 [INFO] Rule:225 - rule Rename DIE415 pin PB3 -> PB3 (JTD0-TRACESWO) is applicable
2023-03-03 11:28:24,582 [INFO] Rule:225 - rule Rename DIE462/DIE415 pin PB4 -> PB4 (NJTRST) is applicable
2023-03-03 11:28:24,582 [INFO] Rule:225 - rule Rename DIE462 pin PH3/BOOT0 -> PH3-BOOT0 (BOOT0) is applicable
2023-03-03 11:28:24,582 [INFO] Rule:225 - rule Rename CRYP DataEncryptionTypesList to Algorithm is applicable
2023-03-03 11:28:24,582 [INFO] Rule:225 - rule Rename AES DataEncryptionTypesList to Algorithm is applicable
2023-03-03 11:28:24,582 [INFO] Rule:225 - rule Rename TDESECB to CRYP_TDES_ECB is applicable
2023-03-03 11:28:24,582 [INFO] Rule:225 - rule Rename TDESCBC to CRYP_TDES_CBC is applicable
2023-03-03 11:28:24,582 [INFO] Rule:225 - rule Rename DESECB to CRYP_DES_ECB is applicable
2023-03-03 11:28:24,582 [INFO] Rule:225 - rule Rename DESCBC to CRYP_DES_CBC is applicable
2023-03-03 11:28:24,582 [INFO] Rule:225 - rule Rename AESECB to CRYP_AES_ECB is applicable
2023-03-03 11:28:24,582 [INFO] Rule:225 - rule Rename AESCBC to CRYP_AES_CBC is applicable
2023-03-03 11:28:24,582 [INFO] Rule:225 - rule Rename AESCTR to CRYP_AES_CTR is applicable
2023-03-03 11:28:24,582 [INFO] Rule:225 - rule Rename AESGCM to CRYP_AES_GCM is applicable
2023-03-03 11:28:24,583 [INFO] Rule:225 - rule Rename AESCCM to CRYP_AES_CCM is applicable
2023-03-03 11:28:24,583 [INFO] Rule:225 - rule Rename CAN TimeSeg1 to BS1 is applicable
2023-03-03 11:28:24,583 [INFO] Rule:225 - rule Rename CAN TimeSeg2 to BS2 is applicable
2023-03-03 11:28:24,583 [INFO] Rule:225 - rule Rename CAN SyncJumpWidth to SJW is applicable
2023-03-03 11:28:24,583 [INFO] Rule:225 - rule TimeTriggeredMode to TTCM is applicable
2023-03-03 11:28:24,583 [INFO] Rule:225 - rule Rename CAN AutoBusOff to ABOM is applicable
2023-03-03 11:28:24,583 [INFO] Rule:225 - rule Rename CAN AutoWakeUp to AWUM is applicable
2023-03-03 11:28:24,583 [INFO] Rule:225 - rule Rename CAN AutoRetransmission to NART is applicable
2023-03-03 11:28:24,583 [INFO] Rule:225 - rule Rename CAN ReceiveFifoLocked to RFLM is applicable
2023-03-03 11:28:24,583 [INFO] Rule:225 - rule Rename CAN TransmitFifoPriority to TXFP is applicable
2023-03-03 11:28:24,583 [INFO] Rule:225 - rule Rename HRTIMER HRTIM_OUTPUTFAULTLEVEL_HIGH in HRTIMER HRTIM_OUTPUTFAULTLEVEL_HIGHZ is applicable
2023-03-03 11:28:24,583 [INFO] Rule:225 - rule Rename TIMER TIM_CLEARINPUTSOURCE_OCREFCLR in  TIMER TIM_CLEARINPUTSOURCE_NONE for F7 family is applicable
2023-03-03 11:28:24,583 [INFO] Rule:225 - rule FDCAN_R1 - Rename FDCAN mode Master into Classic is applicable
2023-03-03 11:28:24,583 [INFO] Rule:225 - rule FDCAN_R2 - Rename FDCAN mode Slave into Classic is applicable
2023-03-03 11:28:24,583 [INFO] Rule:225 - rule FDCAN1_R3 - if PA10.Mode=FullDuplex, add Pin PA12 is applicable
2023-03-03 11:28:24,583 [INFO] Rule:225 - rule FDCAN1_R3 - if PA9.Mode=FullDuplex, add Pin PA11 is applicable
2023-03-03 11:28:24,583 [INFO] Rule:225 - rule FDCAN1_R3 - Alternatepin_1 - if PE1.Mode=FullDuplex, add Pin PB9 is applicable
2023-03-03 11:28:24,583 [INFO] Rule:225 - rule FDCAN1_R3 - Alternatepin_1 - if PE0.Mode=FullDuplex, add Pin PB8 is applicable
2023-03-03 11:28:24,584 [INFO] Rule:225 - rule FDCAN1_R3 - Alternatepin_2 - if PD5.Mode=FullDuplex, add Pin PD1 is applicable
2023-03-03 11:28:24,584 [INFO] Rule:225 - rule FDCAN1_R3 - Alternatepin_2 - if PD4.Mode=FullDuplex, add Pin PD0 is applicable
2023-03-03 11:28:24,584 [INFO] Rule:225 - rule FDCAN1_R4 - Rename Mode FullDuplex into Enable FDCAN_TXFD for pin PA10 is applicable
2023-03-03 11:28:24,584 [INFO] Rule:225 - rule FDCAN1_R4 - Rename Mode FullDuplex into Enable FDCAN_TXFD for pin PA9 is applicable
2023-03-03 11:28:24,584 [INFO] Rule:225 - rule FDCAN1_R4 - Alternatepin_1 - Rename Mode FullDuplex into Enable FDCAN_TXFD for pin PE1 is applicable
2023-03-03 11:28:24,584 [INFO] Rule:225 - rule FDCAN1_R4 - Alternatepin_1 - Rename Mode FullDuplex into Enable FDCAN_TXFD for pin PE0 is applicable
2023-03-03 11:28:24,584 [INFO] Rule:225 - rule FDCAN1_R4 - Alternatepin_2 - Rename Mode FullDuplex into Enable FDCAN_TXFD for pin PD5 is applicable
2023-03-03 11:28:24,584 [INFO] Rule:225 - rule FDCAN1_R4 - Alternatepin_2 - Rename Mode FullDuplex into Enable FDCAN_TXFD for pin PD4 is applicable
2023-03-03 11:28:24,584 [INFO] Rule:225 - rule FDCAN2_R3 - if PD10.Mode=FullDuplex, add Pin PB13 is applicable
2023-03-03 11:28:24,584 [INFO] Rule:225 - rule FDCAN2_R3 - if PD9.Mode=FullDuplex, add Pin PB12 is applicable
2023-03-03 11:28:24,584 [INFO] Rule:225 - rule FDCAN2_R3 - Alternatepin_1 - if PB7.Mode=FullDuplex, add Pin PB6 is applicable
2023-03-03 11:28:24,584 [INFO] Rule:225 - rule FDCAN2_R3 - Alternatepin_1 - if PD9.Mode=FullDuplex, add Pin PB12 is applicable
2023-03-03 11:28:24,584 [INFO] Rule:225 - rule FDCAN2_R4 - Rename Mode FullDuplex into Enable FDCAN_TXFD for pin PD10 is applicable
2023-03-03 11:28:24,584 [INFO] Rule:225 - rule FDCAN2_R4 - Rename Mode FullDuplex into Enable FDCAN_TXFD for pin PD9 is applicable
2023-03-03 11:28:24,584 [INFO] Rule:225 - rule FDCAN2_R4 - Alternatepin_1 - Rename Mode FullDuplex into Enable FDCAN_TXFD for pin PB7 is applicable
2023-03-03 11:28:24,584 [INFO] Rule:225 - rule FDCAN2_R4 - Alternatepin_1 - Rename Mode FullDuplex into Enable FDCAN_TXFD for pin PD6 is applicable
2023-03-03 11:28:24,584 [INFO] Rule:225 - rule USART TxPinLevelInvertParam Mode is applicable
2023-03-03 11:28:24,584 [INFO] Rule:225 - rule USART RxPinLevelInvertParam Mode is applicable
2023-03-03 11:28:24,584 [INFO] Rule:225 - rule USART DataInvertParam Mode is applicable
2023-03-03 11:28:24,585 [INFO] Rule:225 - rule USART SwapParam Mode is applicable
2023-03-03 11:28:24,585 [INFO] Rule:225 - rule USART OverrunDisableParam Mode is applicable
2023-03-03 11:28:24,585 [INFO] Rule:225 - rule USART DMADisableonRxErrorParam Mode is applicable
2023-03-03 11:28:24,585 [INFO] Rule:225 - rule USART MSBFirstParam Mode is applicable
2023-03-03 11:28:24,585 [INFO] Rule:225 - rule Update MwName for USB_DEVICE is applicable
2023-03-03 11:28:24,585 [INFO] Rule:225 - rule Change PWR_Regulator_Voltage_Scale Default Value for RCC  H7 family is applicable
2023-03-03 11:28:24,585 [INFO] Rule:225 - rule UART/USART IPParameter rename Prescaler parameter to ClockPrescaler is applicable
2023-03-03 11:28:24,585 [INFO] Rule:225 - rule UART/USART Prescaler rename Prescaler parameter to ClockPrescaler is applicable
2023-03-03 11:28:24,585 [INFO] Rule:225 - rule TIM1CLockSelection is applicable
2023-03-03 11:28:24,585 [INFO] Rule:225 - rule TIM15CLockSelection is applicable
2023-03-03 11:28:24,585 [INFO] Rule:225 - rule align RCC SDMMC3CLockSelection default value on MP1 is applicable
2023-03-03 11:28:24,585 [INFO] Rule:225 - rule align RCC SDMMC12CLockSelection default value on MP1 is applicable
2023-03-03 11:28:24,585 [INFO] Rule:225 - rule align RCC QSPICLockSelection default value on MP1 is applicable
2023-03-03 11:28:24,585 [INFO] Rule:225 - rule align RCC QSPICLockSelection default value on MP1 is applicable
2023-03-03 11:28:24,585 [INFO] Rule:225 - rule align RCC SPI6CLockSelection default value on MP1 is applicable
2023-03-03 11:28:24,585 [INFO] Rule:225 - rule align RCC LPTIM23CLockSelection default value on MP1 is applicable
2023-03-03 11:28:24,585 [INFO] Rule:225 - rule align RCC LPTIM1CLockSelection default value on MP1 is applicable
2023-03-03 11:28:24,586 [INFO] Rule:225 - rule align RCC USART1CLockSelection default value on MP1 is applicable
2023-03-03 11:28:24,586 [INFO] Rule:225 - rule align RCC USART24CLockSelection default value on MP1 is applicable
2023-03-03 11:28:24,586 [INFO] Rule:225 - rule align RCC USART6CLockSelection default value on MP1 is applicable
2023-03-03 11:28:24,586 [INFO] Rule:225 - rule align RCC UART78CLockSelection default value on MP1 is applicable
2023-03-03 11:28:24,586 [INFO] Rule:225 - rule align RCC USART35CLockSelection default value on MP1 is applicable
2023-03-03 11:28:24,586 [INFO] Rule:225 - rule align RCC SPI45CLockSelection default value on MP1 is applicable
2023-03-03 11:28:24,586 [INFO] Rule:225 - rule align RCC I2C46CLockSelection BCLK value on MP1 is applicable
2023-03-03 11:28:24,586 [INFO] Rule:225 - rule align RCC SPI45CLockSelection default value on MP1 is applicable
2023-03-03 11:28:24,586 [INFO] Rule:225 - rule align RCC I2C12CLockSelection default value on MP1 is applicable
2023-03-03 11:28:24,586 [INFO] Rule:225 - rule align RCC I2C35CLockSelection default value on MP1 is applicable
2023-03-03 11:28:24,586 [INFO] Rule:225 - rule align RCC LPTIM45CLockSelection default value on MP1 is applicable
2023-03-03 11:28:24,586 [INFO] Rule:225 - rule Rename DCMI PIXCK signal is applicable
2023-03-03 11:28:24,586 [INFO] Rule:225 - rule Change Default Value for I2C46CLockSelection MP1 family is applicable
2023-03-03 11:28:24,586 [INFO] Rule:225 - rule Change Default Value for UART for G4, G0 and WB families is applicable
2023-03-03 11:28:24,586 [INFO] Rule:225 - rule Change Default Value for USART for G4, G0 and WB families is applicable
2023-03-03 11:28:24,586 [INFO] Rule:225 - rule Change Default Value for USART for G4 family is applicable
2023-03-03 11:28:24,586 [INFO] Rule:225 - rule Change USART1CLockSelection refparam name for MP1 is applicable
2023-03-03 11:28:24,586 [INFO] Rule:225 - rule Change USART2CLockSelection refparam name for MP1 is applicable
2023-03-03 11:28:24,586 [INFO] Rule:225 - rule Change USART3CLockSelection refparam name for MP1 is applicable
2023-03-03 11:28:24,586 [INFO] Rule:225 - rule Change UART4CLockSelection refparam name for MP1 is applicable
2023-03-03 11:28:24,587 [INFO] Rule:225 - rule Change UART5CLockSelection refparam name for MP1 is applicable
2023-03-03 11:28:24,587 [INFO] Rule:225 - rule Change LPUART1CLockSelection refparam name for MP1 is applicable
2023-03-03 11:28:24,587 [INFO] Rule:225 - rule Change LPTIM1CLockSelection refparam name for MP1 is applicable
2023-03-03 11:28:24,587 [INFO] Rule:225 - rule Change LPTIM2CLockSelection refparam name for MP1 is applicable
2023-03-03 11:28:24,587 [INFO] Rule:225 - rule Change RCC_MCO1Source refparam name for MP1 is applicable
2023-03-03 11:28:24,587 [INFO] Rule:225 - rule Change LSCOSource1 refparam name for MP1 is applicable
2023-03-03 11:28:24,588 [INFO] Rule:225 - rule Change SMPSCLockSelection refparam name for MP1 is applicable
2023-03-03 11:28:24,588 [INFO] Rule:225 - rule Change LPTIM3CLockSelection refparam name for MP1 is applicable
2023-03-03 11:28:24,588 [INFO] Rule:225 - rule Change MPCBB* Default Template Mode to Parameters is applicable
2023-03-03 11:28:24,588 [INFO] Rule:225 - rule Change MPCWM* or MPCBB* Secure Mode to Parameters is applicable
2023-03-03 11:28:24,588 [INFO] Rule:225 - rule Change MPCWM* or MPCBB* No Secure Mode to Parameters is applicable
2023-03-03 11:28:24,588 [INFO] Rule:225 - rule Change TZSC IP Secure Mode to Parameters is applicable
2023-03-03 11:28:24,588 [INFO] Rule:225 - rule Change TZSC IP No Secure Mode to Parameters is applicable
2023-03-03 11:28:24,589 [INFO] Rule:225 - rule Change TZSC IP Privilege Mode to Parameters is applicable
2023-03-03 11:28:24,589 [INFO] Rule:225 - rule Change TZSC IP No Privilege Mode to Parameters is applicable
2023-03-03 11:28:24,589 [INFO] Rule:225 - rule Change TZIC IT Secure Mode to Parameters is applicable
2023-03-03 11:28:24,589 [INFO] Rule:225 - rule Change TZIC IT No Secure Mode to Parameters is applicable
2023-03-03 11:28:24,590 [INFO] Rule:225 - rule Add MPCBB1_NonSecureArea_Start_Address value with referenced to MPCBB1_NonSecureArea_Start value is applicable
2023-03-03 11:28:24,590 [INFO] Rule:225 - rule Add MPCBB2_NonSecureArea_Start_Address value with referenced to MPCBB2_NonSecureArea_Start value is applicable
2023-03-03 11:28:24,590 [INFO] Rule:225 - rule Add MPCWM1_NonSecureArea*_Start_Address value with referenced to MPCWM1_NonSecureArea*_Start value is applicable
2023-03-03 11:28:24,590 [INFO] Rule:225 - rule Add MPCWM2_NonSecureArea*_Start_Address value with referenced to MPCWM2_NonSecureArea*_Start value is applicable
2023-03-03 11:28:24,590 [INFO] Rule:225 - rule Add MPCWM3_NonSecureArea_Start_Address value with referenced to MPCWM3_NonSecureArea_Start value is applicable
2023-03-03 11:28:24,590 [INFO] Rule:225 - rule Change Default Value for PLL1UserDefinedConfig is applicable
2023-03-03 11:28:24,590 [INFO] Rule:225 - rule Change GPIO_PuPd Default Value for USART in async mode is applicable
2023-03-03 11:28:24,590 [INFO] Rule:225 - rule Change SMPSDivider Default Value is applicable
2023-03-03 11:28:24,590 [INFO] Rule:225 - rule OPAMP is applicable
2023-03-03 11:28:24,591 [INFO] Rule:225 - rule LPUART IPParameter rename Prescaler parameter to ClockPrescaler for STM32H7 is applicable
2023-03-03 11:28:24,591 [INFO] Rule:225 - rule LPUART IPParameter rename Prescaler parameter to ClockPrescaler for STM32H7 is applicable
2023-03-03 11:28:24,591 [INFO] Rule:225 - rule LPUART IPParameter rename Prescaler parameter to ClockPrescaler for STM32WB is applicable
2023-03-03 11:28:24,591 [INFO] Rule:225 - rule LPUART IPParameter rename Prescaler parameter to ClockPrescaler for STM32WB is applicable
2023-03-03 11:28:24,591 [INFO] Rule:225 - rule LPUART IPParameter rename Prescaler parameter to ClockPrescaler for STM32G4 is applicable
2023-03-03 11:28:24,591 [INFO] Rule:225 - rule LPUART IPParameter rename Prescaler parameter to ClockPrescaler for STM32G4 is applicable
2023-03-03 11:28:24,591 [INFO] Rule:225 - rule LPUART IPParameter rename Prescaler parameter to ClockPrescaler for STM32L5 is applicable
2023-03-03 11:28:24,591 [INFO] Rule:225 - rule LPUART IPParameter rename Prescaler parameter to ClockPrescaler for STM32L5 is applicable
2023-03-03 11:28:24,591 [INFO] Rule:225 - rule LPUART IPParameter rename Prescaler parameter to ClockPrescaler for STM32G4 is applicable
2023-03-03 11:28:24,591 [INFO] Rule:225 - rule LPUART IPParameter rename Prescaler parameter to ClockPrescaler for STM32G4 is applicable
2023-03-03 11:28:24,591 [INFO] Rule:225 - rule USB device lib V2.5.3 for L0 rename USBD_SUPPORT_USER_STRING parameter to USBD_SUPPORT_USER_STRING_DESC4 is applicable
2023-03-03 11:28:24,592 [INFO] Rule:225 - rule I2SCLockSelection clock entry align is applicable
2023-03-03 11:28:24,592 [INFO] Rule:225 - rule Assign TIMx context if used as SYS timebase is applicable
2023-03-03 11:28:24,592 [INFO] Rule:225 - rule Change GPIO_Pu Default Value for I2C is applicable
2023-03-03 11:28:24,592 [INFO] Rule:225 - rule Change GPIO_Pu Default Value for SMBus is applicable
2023-03-03 11:28:24,592 [INFO] Rule:225 - rule change FDCAN default value is applicable
2023-03-03 11:28:24,592 [INFO] Rule:225 - rule Change mode sai is applicable
2023-03-03 11:28:24,592 [INFO] Rule:225 - rule **Change sai mode is applicable
2023-03-03 11:28:24,639 [INFO] DbConfProperties:305 - Apply Compatibility (50/248 Rules)
2023-03-03 11:28:24,664 [INFO] ImportTextPane:193 - (OptionalMessage_ERROR) Unable to find key (Mcu.ThirdPartyNb) in loaded IOC file
2023-03-03 11:28:24,968 [INFO] RtosManager:489 - Registered RTOS mode: class=CMSIS, group=RTOS, mode=CMSIS_V1, owner=FREERTOS
2023-03-03 11:28:24,968 [INFO] RtosManager:489 - Registered RTOS mode: class=CMSIS, group=RTOS2, mode=CMSIS_V2, owner=FREERTOS
2023-03-03 11:28:24,969 [INFO] RtosManager:489 - Registered RTOS mode: class=RTOS, group=Core, mode=CMSIS_V1, owner=FREERTOS
2023-03-03 11:28:24,969 [INFO] RtosManager:489 - Registered RTOS mode: class=RTOS, group=Core, mode=CMSIS_V2, owner=FREERTOS
2023-03-03 11:28:24,970 [WARN] ModelIntegratedComponent:185 - Missing modes for component STMicroelectronics:FreeRTOS:0.0.1:STMicroelectronics:RTOS:FreeRTOS:Core:::10.2.0:
2023-03-03 11:28:24,990 [WARN] ModelIntegratedComponent:64 - No mode defined for component null
2023-03-03 11:28:24,991 [WARN] ModelIntegratedComponent:64 - No mode defined for component null
2023-03-03 11:28:24,991 [WARN] ModelIntegratedComponent:64 - No mode defined for component null
2023-03-03 11:28:24,992 [WARN] ModelIntegratedComponent:64 - No mode defined for component null
2023-03-03 11:28:24,992 [WARN] ModelIntegratedComponent:64 - No mode defined for component null
2023-03-03 11:28:24,992 [WARN] ModelIntegratedComponent:64 - No mode defined for component null
2023-03-03 11:28:24,992 [WARN] ModelIntegratedComponent:64 - No mode defined for component null
2023-03-03 11:28:24,992 [WARN] ModelIntegratedComponent:64 - No mode defined for component null
2023-03-03 11:28:24,992 [WARN] ModelIntegratedComponent:64 - No mode defined for component null
2023-03-03 11:28:24,992 [WARN] ModelIntegratedComponent:64 - No mode defined for component null
2023-03-03 11:28:24,993 [WARN] ModelIntegratedComponent:64 - No mode defined for component null
2023-03-03 11:28:24,993 [WARN] ModelIntegratedComponent:64 - No mode defined for component null
2023-03-03 11:28:24,993 [WARN] ModelIntegratedComponent:64 - No mode defined for component null
2023-03-03 11:28:24,993 [WARN] ModelIntegratedComponent:64 - No mode defined for component null
2023-03-03 11:28:24,994 [WARN] ModelIntegratedComponent:64 - No mode defined for component null
2023-03-03 11:28:24,994 [WARN] ModelIntegratedComponent:64 - No mode defined for component null
2023-03-03 11:28:24,994 [WARN] ModelIntegratedComponent:64 - No mode defined for component null
2023-03-03 11:28:24,994 [WARN] ModelIntegratedComponent:64 - No mode defined for component null
2023-03-03 11:28:24,994 [WARN] ModelIntegratedComponent:64 - No mode defined for component null
2023-03-03 11:28:24,994 [WARN] ModelIntegratedComponent:64 - No mode defined for component null
2023-03-03 11:28:24,995 [WARN] ModelIntegratedComponent:64 - No mode defined for component null
2023-03-03 11:28:24,995 [WARN] ModelIntegratedComponent:64 - No mode defined for component null
2023-03-03 11:28:24,995 [WARN] ModelIntegratedComponent:64 - No mode defined for component null
2023-03-03 11:28:24,995 [WARN] ModelIntegratedComponent:64 - No mode defined for component null
2023-03-03 11:28:24,995 [WARN] ModelIntegratedComponent:64 - No mode defined for component null
2023-03-03 11:28:24,995 [WARN] ModelIntegratedComponent:64 - No mode defined for component null
2023-03-03 11:28:24,995 [WARN] ModelIntegratedComponent:64 - No mode defined for component null
2023-03-03 11:28:24,995 [WARN] ModelIntegratedComponent:64 - No mode defined for component null
2023-03-03 11:28:24,995 [WARN] ModelIntegratedComponent:64 - No mode defined for component null
2023-03-03 11:28:24,995 [WARN] ModelIntegratedComponent:64 - No mode defined for component null
2023-03-03 11:28:24,995 [WARN] ModelIntegratedComponent:64 - No mode defined for component null
2023-03-03 11:28:24,995 [WARN] ModelIntegratedComponent:64 - No mode defined for component null
2023-03-03 11:28:24,996 [WARN] ModelIntegratedComponent:64 - No mode defined for component null
2023-03-03 11:28:25,165 [INFO] ThirdPartyModel:294 - Start build external matchings
2023-03-03 11:28:25,723 [INFO] ThirdPartyModel:310 - End build external matchings
2023-03-03 11:28:25,761 [INFO] ImportTextPane:193 - (OptionalMessage_ERROR) IP (RCC) : Parameter (RTCHSEDivFreq_Value) has invalid value (4000000)
2023-03-03 11:28:26,169 [INFO] UtilMem:74 - End LoadConfig() Used Memory: 697909280 Bytes (758120448)
2023-03-03 11:28:26,274 [WARN] ThirdParty:807 - waiting for thirdparty lock release [change project]
2023-03-03 11:28:26,274 [INFO] ThirdParty:809 - entering critical section [change project]
2023-03-03 11:28:26,275 [INFO] ThirdParty:999 - CMSIS Pack Vendor :STMicroelectronics X-CUBE-ISPU 1.1.0
2023-03-03 11:28:26,275 [INFO] ThirdParty:999 - CMSIS Pack Vendor :RoweBots I-CUBE-UNISONRTOS 5.5.0-4
2023-03-03 11:28:26,275 [INFO] ThirdParty:999 - CMSIS Pack Vendor :STMicroelectronics X-CUBE-GNSS1 6.0.0
2023-03-03 11:28:26,275 [INFO] ThirdParty:999 - CMSIS Pack Vendor :STMicroelectronics X-CUBE-AZRTOS-H7 2.1.0
2023-03-03 11:28:26,275 [INFO] ThirdParty:999 - CMSIS Pack Vendor :STMicroelectronics USB_HOST 2.0.0
2023-03-03 11:28:26,275 [INFO] ThirdParty:999 - CMSIS Pack Vendor :STMicroelectronics X-CUBE-AZRTOS-F4 1.1.0
2023-03-03 11:28:26,275 [INFO] ThirdParty:999 - CMSIS Pack Vendor :STMicroelectronics LIBJPEG 8.0.0
2023-03-03 11:28:26,275 [INFO] ThirdParty:999 - CMSIS Pack Vendor :STMicroelectronics USB_DEVICE 3.0.0
2023-03-03 11:28:26,275 [INFO] ThirdParty:999 - CMSIS Pack Vendor :STMicroelectronics X-CUBE-AI 8.0.0
2023-03-03 11:28:26,275 [INFO] ThirdParty:999 - CMSIS Pack Vendor :STMicroelectronics X-CUBE-TOUCHGFX 4.21.1
2023-03-03 11:28:26,275 [INFO] ThirdParty:999 - CMSIS Pack Vendor :STMicroelectronics X-CUBE-AZRTOS-F7 1.1.0
2023-03-03 11:28:26,275 [INFO] ThirdParty:999 - CMSIS Pack Vendor :STMicroelectronics X-CUBE-MEMS1 9.4.0
2023-03-03 11:28:26,275 [INFO] ThirdParty:999 - CMSIS Pack Vendor :STMicroelectronics USB_DEVICE 2.0.0
2023-03-03 11:28:26,275 [INFO] ThirdParty:999 - CMSIS Pack Vendor :STMicroelectronics X-CUBE-AI 7.3.0
2023-03-03 11:28:26,275 [INFO] ThirdParty:999 - CMSIS Pack Vendor :STMicroelectronics X-CUBE-ALGOBUILD 1.3.0
2023-03-03 11:28:26,275 [INFO] ThirdParty:999 - CMSIS Pack Vendor :STMicroelectronics X-CUBE-BLE1 6.2.4
2023-03-03 11:28:26,275 [INFO] ThirdParty:999 - CMSIS Pack Vendor :STMicroelectronics X-CUBE-AZRTOS-L5 1.1.0
2023-03-03 11:28:26,275 [INFO] ThirdParty:999 - CMSIS Pack Vendor :STMicroelectronics FreeRTOS 0.0.1
2023-03-03 11:28:26,275 [INFO] ThirdParty:999 - CMSIS Pack Vendor :emotas I-CUBE-CANOPEN 1.1.3
2023-03-03 11:28:26,275 [INFO] ThirdParty:999 - CMSIS Pack Vendor :STMicroelectronics X-CUBE-AZRTOS-G0 1.1.0
2023-03-03 11:28:26,275 [INFO] ThirdParty:999 - CMSIS Pack Vendor :STMicroelectronics X-CUBE-SUBG2 5.0.0
2023-03-03 11:28:26,275 [INFO] ThirdParty:999 - CMSIS Pack Vendor :STMicroelectronics X-CUBE-NFC4 3.0.0
2023-03-03 11:28:26,276 [INFO] ThirdParty:999 - CMSIS Pack Vendor :STMicroelectronics STM32_WPAN 1.0.0
2023-03-03 11:28:26,276 [INFO] ThirdParty:999 - CMSIS Pack Vendor :STMicroelectronics lwIP 2.0.3
2023-03-03 11:28:26,276 [INFO] ThirdParty:999 - CMSIS Pack Vendor :STMicroelectronics X-CUBE-NFC4 2.0.5
2023-03-03 11:28:26,276 [INFO] ThirdParty:999 - CMSIS Pack Vendor :STMicroelectronics USB_HOST 1.0.0
2023-03-03 11:28:26,276 [INFO] ThirdParty:999 - CMSIS Pack Vendor :STMicroelectronics PDM2PCM 3.1.0
2023-03-03 11:28:26,276 [INFO] ThirdParty:999 - CMSIS Pack Vendor :STMicroelectronics FP-ATR-ASTRA1 1.1.1
2023-03-03 11:28:26,276 [INFO] ThirdParty:999 - CMSIS Pack Vendor :STMicroelectronics PDM2PCM 3.3.0
2023-03-03 11:28:26,276 [INFO] ThirdParty:999 - CMSIS Pack Vendor :STMicroelectronics X-CUBE-DISPLAY 3.0.0
2023-03-03 11:28:26,276 [INFO] ThirdParty:999 - CMSIS Pack Vendor :STMicroelectronics X-CUBE-BLEMGR 1.3.0
2023-03-03 11:28:26,276 [INFO] ThirdParty:999 - CMSIS Pack Vendor :wolfSSL I-CUBE-wolfSSL 5.5.3
2023-03-03 11:28:26,276 [INFO] ThirdParty:999 - CMSIS Pack Vendor :STMicroelectronics X-CUBE-AZRTOS-G4 1.0.0
2023-03-03 11:28:26,276 [INFO] ThirdParty:999 - CMSIS Pack Vendor :STMicroelectronics FP-ATR-SIGFOX1 3.2.0
2023-03-03 11:28:26,276 [INFO] ThirdParty:999 - CMSIS Pack Vendor :STMicroelectronics X-CUBE-AZRTOS-L4 1.0.0
2023-03-03 11:28:26,276 [INFO] ThirdParty:999 - CMSIS Pack Vendor :STMicroelectronics HAL Drivers 0.0.0
2023-03-03 11:28:26,276 [INFO] ThirdParty:999 - CMSIS Pack Vendor :STMicroelectronics MBEDTLS 2.16.2
2023-03-03 11:28:26,276 [INFO] ThirdParty:999 - CMSIS Pack Vendor :STMicroelectronics X-CUBE-TOUCHGFX 4.20.0
2023-03-03 11:28:26,276 [INFO] ThirdParty:999 - CMSIS Pack Vendor :STMicroelectronics MBEDTLS 2.14.1
2023-03-03 11:28:26,276 [INFO] ThirdParty:999 - CMSIS Pack Vendor :STMicroelectronics X-CUBE-NFC7 1.0.0
2023-03-03 11:28:26,276 [INFO] ThirdParty:999 - CMSIS Pack Vendor :STMicroelectronics X-CUBE-AZRTOS-WL 1.0.0
2023-03-03 11:28:26,276 [INFO] ThirdParty:999 - CMSIS Pack Vendor :STMicroelectronics X-CUBE-EEPRMA1 4.1.0
2023-03-03 11:28:26,276 [INFO] ThirdParty:999 - CMSIS Pack Vendor :portGmbH I-Cube-SoM-uGOAL 1.1.0
2023-03-03 11:28:26,276 [INFO] ThirdParty:999 - CMSIS Pack Vendor :STMicroelectronics X-CUBE-ALS 1.0.1
2023-03-03 11:28:26,276 [INFO] ThirdParty:999 - CMSIS Pack Vendor :STMicroelectronics X-CUBE-MEMS1 9.5.0
2023-03-03 11:28:26,277 [INFO] ThirdParty:999 - CMSIS Pack Vendor :STMicroelectronics ThreadX 1.0.0
2023-03-03 11:28:26,277 [INFO] ThirdParty:999 - CMSIS Pack Vendor :STMicroelectronics X-CUBE-AZRTOS-WB 1.1.0
2023-03-03 11:28:26,277 [INFO] ThirdParty:999 - CMSIS Pack Vendor :STMicroelectronics USB_DEVICE 1.0.0
2023-03-03 11:28:26,277 [INFO] ThirdParty:999 - CMSIS Pack Vendor :STMicroelectronics X-CUBE-EEPRMA1 3.1.1
2023-03-03 11:28:26,277 [INFO] ThirdParty:999 - CMSIS Pack Vendor :SEGGER I-CUBE-embOS 1.3.0
2023-03-03 11:28:26,277 [INFO] ThirdParty:999 - CMSIS Pack Vendor :STMicroelectronics ThreadX 0.0.2
2023-03-03 11:28:26,277 [INFO] ThirdParty:999 - CMSIS Pack Vendor :STMicroelectronics lwIP 2.1.2
2023-03-03 11:28:26,277 [INFO] ThirdParty:999 - CMSIS Pack Vendor :STMicroelectronics X-CUBE-SFXS2LP1 4.0.0
2023-03-03 11:28:26,277 [INFO] ThirdParty:999 - CMSIS Pack Vendor :STMicroelectronics X-CUBE-BLE2 3.3.0
2023-03-03 11:28:26,277 [INFO] ThirdParty:999 - CMSIS Pack Vendor :STMicroelectronics X-CUBE-DISPLAY 2.2.0
2023-03-03 11:28:26,277 [INFO] ThirdParty:999 - CMSIS Pack Vendor :STMicroelectronics X-CUBE-TOF1 3.2.0
2023-03-03 11:28:26,277 [INFO] ThirdParty:999 - CMSIS Pack Vendor :STMicroelectronics PDM2PCM 3.2.0
2023-03-03 11:28:26,277 [INFO] ThirdParty:999 - CMSIS Pack Vendor :STMicroelectronics X-CUBE-AZRTOS-H7 3.0.0
2023-03-03 11:28:26,277 [INFO] ThirdParty:815 - exiting critical section [change project]
2023-03-03 11:28:26,750 [INFO] PinOutPanel:1477 - setPackage(No Configuration,No Configuration)
2023-03-03 11:28:26,753 [INFO] PinOutPanel:1477 - setPackage(STM32F407VGTx,LQFP100)
2023-03-03 11:28:27,604 [INFO] UtilMem:74 - Before build in PCC Used Memory: 639715536 Bytes (758120448)
2023-03-03 11:28:28,556 [INFO] UtilMem:74 - After build in PCC Used Memory: 659056896 Bytes (758120448)
2023-03-03 11:28:28,645 [INFO] ApiDbMcu:505 - Load IP Config File for USB_HOST
2023-03-03 11:28:28,648 [WARN] BspModel:442 - BSP dependency skipped because of component: name='IOExpander', api='Unknown'
2023-03-03 11:28:28,682 [INFO] IPUIPlugin:79 - create IPUIPlugin
2023-03-03 11:28:28,683 [INFO] IPUIPlugin:79 - create IPUIPlugin
2023-03-03 11:28:28,683 [INFO] IPUIPlugin:79 - create IPUIPlugin
2023-03-03 11:28:28,684 [INFO] IPUIPlugin:79 - create IPUIPlugin
2023-03-03 11:28:28,684 [INFO] IPUIPlugin:79 - create IPUIPlugin
2023-03-03 11:28:28,684 [INFO] IPUIPlugin:79 - create IPUIPlugin
2023-03-03 11:28:28,685 [INFO] IPUIPlugin:79 - create IPUIPlugin
2023-03-03 11:28:28,686 [INFO] IPUIPlugin:79 - create IPUIPlugin
2023-03-03 11:28:28,686 [INFO] IPUIPlugin:79 - create IPUIPlugin
2023-03-03 11:28:28,687 [INFO] IPUIPlugin:79 - create IPUIPlugin
2023-03-03 11:28:28,688 [INFO] IPUIPlugin:79 - create IPUIPlugin
2023-03-03 11:28:28,688 [INFO] IPUIPlugin:79 - create IPUIPlugin
2023-03-03 11:28:28,689 [INFO] IPUIPlugin:79 - create IPUIPlugin
2023-03-03 11:28:28,690 [INFO] IPUIPlugin:79 - create IPUIPlugin
2023-03-03 11:28:28,690 [INFO] IPUIPlugin:79 - create IPUIPlugin
2023-03-03 11:28:28,690 [INFO] IPUIPlugin:79 - create IPUIPlugin
2023-03-03 11:28:28,690 [INFO] IPUIPlugin:79 - create IPUIPlugin
2023-03-03 11:28:28,691 [INFO] IPUIPlugin:79 - create IPUIPlugin
2023-03-03 11:28:28,700 [INFO] IPUIPlugin:79 - create IPUIPlugin
2023-03-03 11:28:28,701 [INFO] IPUIPlugin:79 - create IPUIPlugin
2023-03-03 11:28:28,703 [INFO] IPUIPlugin:79 - create IPUIPlugin
2023-03-03 11:28:28,704 [INFO] IPUIPlugin:79 - create IPUIPlugin
2023-03-03 11:28:28,704 [INFO] IPUIPlugin:79 - create IPUIPlugin
2023-03-03 11:28:28,705 [INFO] IPUIPlugin:79 - create IPUIPlugin
2023-03-03 11:28:28,705 [INFO] IPUIPlugin:79 - create IPUIPlugin
2023-03-03 11:28:28,706 [INFO] IPUIPlugin:79 - create IPUIPlugin
2023-03-03 11:28:28,706 [INFO] IPUIPlugin:79 - create IPUIPlugin
2023-03-03 11:28:28,706 [INFO] IPUIPlugin:79 - create IPUIPlugin
2023-03-03 11:28:28,707 [INFO] IPUIPlugin:79 - create IPUIPlugin
2023-03-03 11:28:28,708 [INFO] IPUIPlugin:79 - create IPUIPlugin
2023-03-03 11:28:28,708 [INFO] IPUIPlugin:79 - create IPUIPlugin
2023-03-03 11:28:28,709 [INFO] IPUIPlugin:79 - create IPUIPlugin
2023-03-03 11:28:28,710 [INFO] IPUIPlugin:79 - create IPUIPlugin
2023-03-03 11:28:28,711 [INFO] IPUIPlugin:79 - create IPUIPlugin
2023-03-03 11:28:28,711 [INFO] IPUIPlugin:79 - create IPUIPlugin
2023-03-03 11:28:28,712 [INFO] IPUIPlugin:79 - create IPUIPlugin
2023-03-03 11:28:28,712 [INFO] IPUIPlugin:79 - create IPUIPlugin
2023-03-03 11:28:28,712 [INFO] IPUIPlugin:79 - create IPUIPlugin
2023-03-03 11:28:28,713 [INFO] IPUIPlugin:79 - create IPUIPlugin
2023-03-03 11:28:28,713 [INFO] IPUIPlugin:79 - create IPUIPlugin
2023-03-03 11:28:28,713 [INFO] IPUIPlugin:79 - create IPUIPlugin
2023-03-03 11:28:28,713 [INFO] IPUIPlugin:79 - create IPUIPlugin
2023-03-03 11:28:28,714 [INFO] IPUIPlugin:79 - create IPUIPlugin
2023-03-03 11:28:28,714 [INFO] IPUIPlugin:79 - create IPUIPlugin
2023-03-03 11:28:28,715 [INFO] IPUIPlugin:79 - create IPUIPlugin
2023-03-03 11:28:28,715 [INFO] IPUIPlugin:79 - create IPUIPlugin
2023-03-03 11:28:28,716 [INFO] IPUIPlugin:79 - create IPUIPlugin
2023-03-03 11:28:28,717 [INFO] IPUIPlugin:79 - create IPUIPlugin
2023-03-03 11:28:28,717 [INFO] IPUIPlugin:79 - create IPUIPlugin
2023-03-03 11:28:28,718 [INFO] IPUIPlugin:79 - create IPUIPlugin
2023-03-03 11:28:28,719 [INFO] IPUIPlugin:79 - create IPUIPlugin
2023-03-03 11:28:28,719 [INFO] IPUIPlugin:79 - create IPUIPlugin
2023-03-03 11:28:28,720 [INFO] IPUIPlugin:79 - create IPUIPlugin
2023-03-03 11:28:28,721 [INFO] IPUIPlugin:79 - create IPUIPlugin
2023-03-03 11:28:28,723 [INFO] IPUIPlugin:79 - create IPUIPlugin
2023-03-03 11:28:28,724 [INFO] IPUIPlugin:79 - create IPUIPlugin
2023-03-03 11:28:28,724 [INFO] IPUIPlugin:79 - create IPUIPlugin
2023-03-03 11:28:28,725 [INFO] IPUIPlugin:79 - create IPUIPlugin
2023-03-03 11:28:28,743 [INFO] ApiDbMcu:505 - Load IP Config File for PDM2PCM
2023-03-03 11:28:28,755 [WARN] IP:2112 - I2C_Coeff_DF not found: check if there is a RefParameter without a condition.
2023-03-03 11:28:28,756 [WARN] IP:2112 - Analog_Filter not found: check if there is a RefParameter without a condition.
2023-03-03 11:28:28,770 [INFO] I2sManager:630 - 9.6E7
2023-03-03 11:28:28,771 [INFO] I2sManager:183 - I2S Clock Value : 9.6E7
2023-03-03 11:28:28,780 [INFO] I2sManager:524 - AudioClock : 93750Divider : 2Odd : 0
2023-03-03 11:28:29,210 [INFO] CADModel:164 - CPN selected for project levelSTM32F407VGT6
2023-03-03 11:28:29,211 [INFO] CADModel:113 - Register for checkConnection events
2023-03-03 11:28:29,275 [INFO] OpenFileManager:327 - Restore cursor
2023-03-03 11:28:29,521 [WARN] IP:2112 - I2C_Coeff_DF not found: check if there is a RefParameter without a condition.
2023-03-03 11:28:29,522 [WARN] IP:2112 - Analog_Filter not found: check if there is a RefParameter without a condition.
2023-03-03 11:28:29,523 [WARN] IP:2112 - I2C_Coeff_DF not found: check if there is a RefParameter without a condition.
2023-03-03 11:28:29,524 [WARN] IP:2112 - Analog_Filter not found: check if there is a RefParameter without a condition.
2023-03-03 11:28:30,682 [INFO] UtilMem:74 - End SaveConfig() Used Memory: 636372160 Bytes (763363328)
2023-03-03 11:28:30,789 [INFO] UtilMem:74 - End SaveConfig() Used Memory: 655238584 Bytes (763363328)
2023-03-03 11:28:31,524 [INFO] BlockDiagram:2759 - set Specific Code input for plugin: SPI
2023-03-03 11:28:31,525 [INFO] BlockDiagram:2759 - set Specific Code input for plugin: I2S
2023-03-03 11:28:31,525 [INFO] BlockDiagram:2759 - set Specific Code input for plugin: SYS
2023-03-03 11:28:31,526 [INFO] BlockDiagram:2759 - set Specific Code input for plugin: RCC
2023-03-03 11:28:31,526 [INFO] BlockDiagram:2759 - set Specific Code input for plugin: I2C
2023-03-03 11:28:31,526 [INFO] BlockDiagram:2759 - set Specific Code input for plugin: USB_OTG_FS
2023-03-03 11:28:31,526 [INFO] BlockDiagram:2759 - set Specific Code input for plugin: NVIC
2023-03-03 11:28:31,526 [INFO] BlockDiagram:2759 - set Specific Code input for plugin: USB_HOST
2023-03-03 11:28:31,527 [INFO] BlockDiagram:2759 - set Specific Code input for plugin: GPIO
2023-03-03 11:28:31,530 [INFO] CodeGenerator:692 - code generatio: config db path: C:\ST\STM32CubeIDE_1.11.0\STM32CubeIDE\plugins\com.st.stm32cube.common.mx_6.7.0.202211181646\\db\
2023-03-03 11:28:31,551 [WARN] IP:2112 - I2C_Coeff_DF not found: check if there is a RefParameter without a condition.
2023-03-03 11:28:31,552 [WARN] IP:2112 - Analog_Filter not found: check if there is a RefParameter without a condition.
2023-03-03 11:28:32,043 [INFO] CodeEngine:247 - oldGeneratedFile, C:\Users\user\Documents\GitHub\EXTERNAL_INTERRUPT\EXTI\MXTmpFiles\license.tmp_save
2023-03-03 11:28:32,613 [INFO] CodeEngine:271 - Generated code: C:\Users\user\Documents\GitHub\EXTERNAL_INTERRUPT\EXTI\MXTmpFiles\license.tmp
2023-03-03 11:28:32,773 [INFO] CodeEngine:247 - oldGeneratedFile, C:\Users\user\Documents\GitHub\EXTERNAL_INTERRUPT\EXTI\MXTmpFiles\gpio.tmp_save
2023-03-03 11:28:32,994 [INFO] CodeEngine:271 - Generated code: C:\Users\user\Documents\GitHub\EXTERNAL_INTERRUPT\EXTI\MXTmpFiles\gpio.tmp
2023-03-03 11:28:33,192 [WARN] IPConfigManager:2928 - Warning: the RefConfig PWREx_EnableUSBVoltageDetector is not available in your config.xml file
2023-03-03 11:28:33,216 [INFO] CodeEngine:247 - oldGeneratedFile, C:\Users\user\Documents\GitHub\EXTERNAL_INTERRUPT\EXTI\MXTmpFiles\usb_otg_fs_vars.tmp_save
2023-03-03 11:28:33,333 [INFO] CodeEngine:271 - Generated code: C:\Users\user\Documents\GitHub\EXTERNAL_INTERRUPT\EXTI\MXTmpFiles\usb_otg_fs_vars.tmp
2023-03-03 11:28:33,342 [INFO] CodeEngine:247 - oldGeneratedFile, C:\Users\user\Documents\GitHub\EXTERNAL_INTERRUPT\EXTI\MXTmpFiles\usb_otg_fs_inc.tmp_save
2023-03-03 11:28:33,457 [INFO] CodeEngine:271 - Generated code: C:\Users\user\Documents\GitHub\EXTERNAL_INTERRUPT\EXTI\MXTmpFiles\usb_otg_fs_inc.tmp
2023-03-03 11:28:33,464 [INFO] CodeEngine:247 - oldGeneratedFile, C:\Users\user\Documents\GitHub\EXTERNAL_INTERRUPT\EXTI\MXTmpFiles\usb_otg_fs_HalInit.tmp_save
2023-03-03 11:28:33,591 [INFO] CodeEngine:271 - Generated code: C:\Users\user\Documents\GitHub\EXTERNAL_INTERRUPT\EXTI\MXTmpFiles\usb_otg_fs_HalInit.tmp
2023-03-03 11:28:33,598 [INFO] CodeEngine:247 - oldGeneratedFile, C:\Users\user\Documents\GitHub\EXTERNAL_INTERRUPT\EXTI\MXTmpFiles\usb_otg_fs_Msp.tmp_save
2023-03-03 11:28:33,734 [INFO] CodeEngine:271 - Generated code: C:\Users\user\Documents\GitHub\EXTERNAL_INTERRUPT\EXTI\MXTmpFiles\usb_otg_fs_Msp.tmp
2023-03-03 11:28:34,177 [INFO] CodeEngine:247 - oldGeneratedFile, C:\Users\user\Documents\GitHub\EXTERNAL_INTERRUPT\EXTI\USB_HOST\App\usb_host.c_save
2023-03-03 11:28:34,313 [INFO] CodeEngine:271 - Generated code: C:\Users\user\Documents\GitHub\EXTERNAL_INTERRUPT\EXTI\USB_HOST\App\usb_host.c
2023-03-03 11:28:34,319 [INFO] CodeEngine:247 - oldGeneratedFile, C:\Users\user\Documents\GitHub\EXTERNAL_INTERRUPT\EXTI\USB_HOST\App\usb_host.h_save
2023-03-03 11:28:34,454 [INFO] CodeEngine:271 - Generated code: C:\Users\user\Documents\GitHub\EXTERNAL_INTERRUPT\EXTI\USB_HOST\App\usb_host.h
2023-03-03 11:28:34,463 [INFO] CodeEngine:247 - oldGeneratedFile, C:\Users\user\Documents\GitHub\EXTERNAL_INTERRUPT\EXTI\USB_HOST\Target\usbh_conf.h_save
2023-03-03 11:28:34,581 [INFO] CodeEngine:271 - Generated code: C:\Users\user\Documents\GitHub\EXTERNAL_INTERRUPT\EXTI\USB_HOST\Target\usbh_conf.h
2023-03-03 11:28:34,596 [INFO] CodeEngine:247 - oldGeneratedFile, C:\Users\user\Documents\GitHub\EXTERNAL_INTERRUPT\EXTI\USB_HOST\Target\usbh_conf.c_save
2023-03-03 11:28:34,725 [INFO] CodeEngine:271 - Generated code: C:\Users\user\Documents\GitHub\EXTERNAL_INTERRUPT\EXTI\USB_HOST\Target\usbh_conf.c
2023-03-03 11:28:34,733 [INFO] CodeEngine:247 - oldGeneratedFile, C:\Users\user\Documents\GitHub\EXTERNAL_INTERRUPT\EXTI\USB_HOST\Target\usbh_platform.c_save
2023-03-03 11:28:34,829 [INFO] CodeEngine:271 - Generated code: C:\Users\user\Documents\GitHub\EXTERNAL_INTERRUPT\EXTI\USB_HOST\Target\usbh_platform.c
2023-03-03 11:28:34,836 [INFO] CodeEngine:247 - oldGeneratedFile, C:\Users\user\Documents\GitHub\EXTERNAL_INTERRUPT\EXTI\USB_HOST\Target\usbh_platform.h_save
2023-03-03 11:28:34,920 [INFO] CodeEngine:271 - Generated code: C:\Users\user\Documents\GitHub\EXTERNAL_INTERRUPT\EXTI\USB_HOST\Target\usbh_platform.h
2023-03-03 11:28:34,939 [INFO] CodeEngine:247 - oldGeneratedFile, C:\Users\user\Documents\GitHub\EXTERNAL_INTERRUPT\EXTI\Core\Src\stm32f4xx_it.c_save
2023-03-03 11:28:35,060 [INFO] CodeEngine:271 - Generated code: C:\Users\user\Documents\GitHub\EXTERNAL_INTERRUPT\EXTI\Core\Src\stm32f4xx_it.c
2023-03-03 11:28:35,067 [INFO] CodeEngine:247 - oldGeneratedFile, C:\Users\user\Documents\GitHub\EXTERNAL_INTERRUPT\EXTI\Core\Inc\stm32f4xx_it.h_save
2023-03-03 11:28:35,153 [INFO] CodeEngine:271 - Generated code: C:\Users\user\Documents\GitHub\EXTERNAL_INTERRUPT\EXTI\Core\Inc\stm32f4xx_it.h
2023-03-03 11:28:35,176 [INFO] CodeEngine:247 - oldGeneratedFile, C:\Users\user\Documents\GitHub\EXTERNAL_INTERRUPT\EXTI\Core\Src\stm32f4xx_hal_msp.c_save
2023-03-03 11:28:35,334 [INFO] CodeEngine:271 - Generated code: C:\Users\user\Documents\GitHub\EXTERNAL_INTERRUPT\EXTI\Core\Src\stm32f4xx_hal_msp.c
2023-03-03 11:28:35,343 [INFO] CodeEngine:247 - oldGeneratedFile, C:\Users\user\Documents\GitHub\EXTERNAL_INTERRUPT\EXTI\MXTmpFiles\system.tmp_save
2023-03-03 11:28:35,416 [INFO] CodeEngine:271 - Generated code: C:\Users\user\Documents\GitHub\EXTERNAL_INTERRUPT\EXTI\MXTmpFiles\system.tmp
2023-03-03 11:28:35,430 [INFO] CodeEngine:303 - oldGeneratedFile, C:\Users\user\Documents\GitHub\EXTERNAL_INTERRUPT\EXTI\Core\Inc\stm32f4xx_hal_conf.h_save
2023-03-03 11:28:35,553 [INFO] CodeEngine:327 - Generated code: C:\Users\user\Documents\GitHub\EXTERNAL_INTERRUPT\EXTI\Core\Inc\stm32f4xx_hal_conf.h
2023-03-03 11:28:35,625 [INFO] CodeEngine:247 - oldGeneratedFile, C:\Users\user\Documents\GitHub\EXTERNAL_INTERRUPT\EXTI\Core\Inc\main.h_save
2023-03-03 11:28:35,754 [INFO] CodeEngine:271 - Generated code: C:\Users\user\Documents\GitHub\EXTERNAL_INTERRUPT\EXTI\Core\Inc\main.h
2023-03-03 11:28:35,761 [INFO] CodeEngine:247 - oldGeneratedFile, C:\Users\user\Documents\GitHub\EXTERNAL_INTERRUPT\EXTI\Core\Src\main.c_save
2023-03-03 11:28:35,974 [INFO] CodeEngine:271 - Generated code: C:\Users\user\Documents\GitHub\EXTERNAL_INTERRUPT\EXTI\Core\Src\main.c
2023-03-03 11:28:36,794 [INFO] ProjectBuilder:2919 - Time for Copy HAL[1] : 211mS.
2023-03-03 11:28:36,812 [INFO] ProjectBuilder:4183 - Project Generator version: 3.18.0-B7
2023-03-03 11:28:37,113 [INFO] ConfigFileManager:1396 - The Die is : DIE413
2023-03-03 11:28:37,116 [INFO] ApiDbMcu:505 - Load IP Config File for FATFS
2023-03-03 11:28:37,121 [INFO] ApiDbMcu:505 - Load IP Config File for FREERTOS
2023-03-03 11:28:37,124 [INFO] ApiDbMcu:505 - Load IP Config File for LIBJPEG
2023-03-03 11:28:37,129 [INFO] ApiDbMcu:505 - Load IP Config File for LWIP
2023-03-03 11:28:37,134 [INFO] ApiDbMcu:505 - Load IP Config File for MBEDTLS
2023-03-03 11:28:37,163 [INFO] ApiDbMcu:505 - Load IP Config File for USB_DEVICE
2023-03-03 11:28:40,142 [INFO] ProjectBuilder:4351 - Time for Generating toolchain IDE Files: 3330mS.
2023-03-03 11:28:40,143 [INFO] ProjectBuilder:2790 - Time for Copy CMSIS : 1mS.
2023-03-03 11:28:40,150 [INFO] ProjectBuilder:2790 - Time for Copy CMSIS : 0mS.
2023-03-03 11:28:41,107 [INFO] McuFinderGlobals:65 - Set McuFinderConnectedMode to true
2023-03-03 11:28:41,110 [INFO] ApiDb:447 - Save user favorites file C:\Users\user/.stm32cubeide/favorites.mcus.txt: 0 item(s)
2023-03-03 11:28:41,111 [INFO] ApiDb:451 - User favorites MCUs=[]
2023-03-03 11:28:41,112 [INFO] ApiDb:447 - Save user favorites file C:\Users\user/.stm32cubeide/favorites.boards.txt: 0 item(s)
2023-03-03 11:28:41,113 [INFO] ApiDb:451 - User favorites Boards=[]
2023-03-03 18:17:27,368 [ERROR] LogOutputStream:74 - [STDERR_REDIRECT] Exception in thread "AWT-EventQueue-0" java.awt.IllegalComponentStateException: Native resources unavailable
2023-03-03 18:17:27,370 [ERROR] LogOutputStream:74 - [STDERR_REDIRECT] 	at java.desktop/sun.awt.windows.WWindowPeer.getScreenImOn(Native Method)
2023-03-03 18:17:27,371 [ERROR] LogOutputStream:74 - [STDERR_REDIRECT] 	at java.desktop/sun.awt.windows.WWindowPeer.updateGC(WWindowPeer.java:566)
2023-03-03 18:17:27,373 [ERROR] LogOutputStream:74 - [STDERR_REDIRECT] 	at java.desktop/java.awt.event.InvocationEvent.dispatch(InvocationEvent.java:313)
2023-03-03 18:17:27,375 [ERROR] LogOutputStream:74 - [STDERR_REDIRECT] 	at java.desktop/java.awt.EventQueue.dispatchEventImpl(EventQueue.java:770)
2023-03-03 18:17:27,376 [ERROR] LogOutputStream:74 - [STDERR_REDIRECT] 	at java.desktop/java.awt.EventQueue$4.run(EventQueue.java:721)
2023-03-03 18:17:27,377 [ERROR] LogOutputStream:74 - [STDERR_REDIRECT] 	at java.desktop/java.awt.EventQueue$4.run(EventQueue.java:715)
2023-03-03 18:17:27,378 [ERROR] LogOutputStream:74 - [STDERR_REDIRECT] 	at java.base/java.security.AccessController.doPrivileged(Native Method)
2023-03-03 18:17:27,379 [ERROR] LogOutputStream:74 - [STDERR_REDIRECT] 	at java.base/java.security.ProtectionDomain$JavaSecurityAccessImpl.doIntersectionPrivilege(ProtectionDomain.java:85)
2023-03-03 18:17:27,381 [ERROR] LogOutputStream:74 - [STDERR_REDIRECT] 	at java.base/java.security.ProtectionDomain$JavaSecurityAccessImpl.doIntersectionPrivilege(ProtectionDomain.java:95)
2023-03-03 18:17:27,382 [ERROR] LogOutputStream:74 - [STDERR_REDIRECT] 	at java.desktop/java.awt.EventQueue$5.run(EventQueue.java:745)
2023-03-03 18:17:27,383 [ERROR] LogOutputStream:74 - [STDERR_REDIRECT] 	at java.desktop/java.awt.EventQueue$5.run(EventQueue.java:743)
2023-03-03 18:17:27,384 [ERROR] LogOutputStream:74 - [STDERR_REDIRECT] 	at java.base/java.security.AccessController.doPrivileged(Native Method)
2023-03-03 18:17:27,385 [ERROR] LogOutputStream:74 - [STDERR_REDIRECT] 	at java.base/java.security.ProtectionDomain$JavaSecurityAccessImpl.doIntersectionPrivilege(ProtectionDomain.java:85)
2023-03-03 18:17:27,386 [ERROR] LogOutputStream:74 - [STDERR_REDIRECT] 	at java.desktop/java.awt.EventQueue.dispatchEvent(EventQueue.java:742)
2023-03-03 18:17:27,387 [ERROR] LogOutputStream:74 - [STDERR_REDIRECT] 	at java.desktop/java.awt.EventDispatchThread.pumpOneEventForFilters(EventDispatchThread.java:203)
2023-03-03 18:17:27,389 [ERROR] LogOutputStream:74 - [STDERR_REDIRECT] 	at java.desktop/java.awt.EventDispatchThread.pumpEventsForFilter(EventDispatchThread.java:124)
2023-03-03 18:17:27,391 [ERROR] LogOutputStream:74 - [STDERR_REDIRECT] 	at java.desktop/java.awt.EventDispatchThread.pumpEventsForHierarchy(EventDispatchThread.java:113)
2023-03-03 18:17:27,392 [ERROR] LogOutputStream:74 - [STDERR_REDIRECT] 	at java.desktop/java.awt.EventDispatchThread.pumpEvents(EventDispatchThread.java:109)
2023-03-03 18:17:27,393 [ERROR] LogOutputStream:74 - [STDERR_REDIRECT] 	at java.desktop/java.awt.EventDispatchThread.pumpEvents(EventDispatchThread.java:101)
2023-03-03 18:17:27,394 [ERROR] LogOutputStream:74 - [STDERR_REDIRECT] 	at java.desktop/java.awt.EventDispatchThread.run(EventDispatchThread.java:90)
2023-03-03 18:17:29,008 [INFO] JxBrowserEngine:114 - Initiate JxBrowser Engine with user profile folder
2023-03-03 18:17:29,904 [INFO] WebAppUi:459 - Close the Jxbrowser engine manually
2023-03-03 18:17:29,938 [INFO] WebAppUi:462 - Profiles folder deleted
2023-03-03 18:17:30,342 [ERROR] LogOutputStream:74 - [STDERR_REDIRECT] 
2023-03-03 18:18:21,005 [INFO] Activator:179 - 


2023-03-03 18:18:21,007 [INFO] Activator:180 - !SESSION log4j initialized
2023-03-03 18:18:47,812 [ERROR] LogOutputStream:74 - [STDERR_REDIRECT] SLF4J: Failed to load class "org.slf4j.impl.StaticLoggerBinder".
2023-03-03 18:18:47,813 [ERROR] LogOutputStream:74 - [STDERR_REDIRECT] SLF4J: Defaulting to no-operation (NOP) logger implementation
2023-03-03 18:18:47,814 [ERROR] LogOutputStream:74 - [STDERR_REDIRECT] SLF4J: See http://www.slf4j.org/codes.html#StaticLoggerBinder for further details.
